<!DOCTYPE html>

<html>
  <head>
  <meta charset='utf-8'>
  <title>TestNG reports</title>

    <link type="text/css" href="testng-reports.css" rel="stylesheet" />
    <script type="text/javascript" src="jquery-1.7.1.min.js"></script>
    <script type="text/javascript" src="testng-reports.js"></script>
    <script type="text/javascript" src="https://www.google.com/jsapi"></script>
    <script type='text/javascript'>
      google.load('visualization', '1', {packages:['table']});
      google.setOnLoadCallback(drawTable);
      var suiteTableInitFunctions = new Array();
      var suiteTableData = new Array();
    </script>
    <!--
      <script type="text/javascript" src="jquery-ui/js/jquery-ui-1.8.16.custom.min.js"></script>
     -->
  </head>

  <body>
    <div class="top-banner-root">
      <span class="top-banner-title-font">Test results</span>
      <br/>
      <span class="top-banner-font-1">1 suite, 6 failed tests</span>
    </div> <!-- top-banner-root -->
    <div class="navigator-root">
      <div class="navigator-suite-header">
        <span>All suites</span>
        <a href="#" title="Collapse/expand all the suites" class="collapse-all-link">
          <img src="collapseall.gif" class="collapse-all-icon">
          </img> <!-- collapse-all-icon -->
        </a> <!-- collapse-all-link -->
      </div> <!-- navigator-suite-header -->
      <div class="suite">
        <div class="rounded-window">
          <div class="suite-header light-rounded-window-top">
            <a href="#" panel-name="suite-Suite" class="navigator-link">
              <span class="suite-name border-failed">Suite</span>
            </a> <!-- navigator-link -->
          </div> <!-- suite-header light-rounded-window-top -->
          <div class="navigator-suite-content">
            <div class="suite-section-title">
              <span>Info</span>
            </div> <!-- suite-section-title -->
            <div class="suite-section-content">
              <ul>
                <li>
                  <a href="#" panel-name="test-xml-Suite" class="navigator-link ">
                    <span>C:\Users\rohanchoudhary\eclipse-workspace\ExitTestFin\testng.xml</span>
                  </a> <!-- navigator-link  -->
                </li>
                <li>
                  <a href="#" panel-name="testlist-Suite" class="navigator-link ">
                    <span class="test-stats">1 test</span>
                  </a> <!-- navigator-link  -->
                </li>
                <li>
                  <a href="#" panel-name="group-Suite" class="navigator-link ">
                    <span>6 groups</span>
                  </a> <!-- navigator-link  -->
                </li>
                <li>
                  <a href="#" panel-name="times-Suite" class="navigator-link ">
                    <span>Times</span>
                  </a> <!-- navigator-link  -->
                </li>
                <li>
                  <a href="#" panel-name="reporter-Suite" class="navigator-link ">
                    <span>Reporter output</span>
                  </a> <!-- navigator-link  -->
                </li>
                <li>
                  <a href="#" panel-name="ignored-methods-Suite" class="navigator-link ">
                    <span>Ignored methods</span>
                  </a> <!-- navigator-link  -->
                </li>
                <li>
                  <a href="#" panel-name="chronological-Suite" class="navigator-link ">
                    <span>Chronological view</span>
                  </a> <!-- navigator-link  -->
                </li>
              </ul>
            </div> <!-- suite-section-content -->
            <div class="result-section">
              <div class="suite-section-title">
                <span>Results</span>
              </div> <!-- suite-section-title -->
              <div class="suite-section-content">
                <ul>
                  <li>
                    <span class="method-stats">14 methods, 6 failed,   8 passed</span>
                  </li>
                  <li>
                    <span class="method-list-title failed">Failed methods</span>
                    <span class="show-or-hide-methods failed">
                      <a href="#" panel-name="suite-Suite" class="hide-methods failed suite-Suite"> (hide)</a> <!-- hide-methods failed suite-Suite -->
                      <a href="#" panel-name="suite-Suite" class="show-methods failed suite-Suite"> (show)</a> <!-- show-methods failed suite-Suite -->
                    </span>
                    <div class="method-list-content failed suite-Suite">
                      <span>
                        <img src="failed.png" width="3%"/>
                        <a href="#" panel-name="suite-Suite" title="tests.ManageBookingTest" class="method navigator-link" hash-for-method="InvalidCancelTicket">InvalidCancelTicket</a> <!-- method navigator-link -->
                      </span>
                      <br/>
                      <span>
                        <img src="failed.png" width="3%"/>
                        <a href="#" panel-name="suite-Suite" title="tests.ManageBookingTest" class="method navigator-link" hash-for-method="InvalidEmailSms">InvalidEmailSms</a> <!-- method navigator-link -->
                      </span>
                      <br/>
                      <span>
                        <img src="failed.png" width="3%"/>
                        <a href="#" panel-name="suite-Suite" title="tests.LoginTest" class="method navigator-link" hash-for-method="InvalidLogin">InvalidLogin</a> <!-- method navigator-link -->
                      </span>
                      <br/>
                      <span>
                        <img src="failed.png" width="3%"/>
                        <a href="#" panel-name="suite-Suite" title="tests.ManageBookingTest" class="method navigator-link" hash-for-method="InvalidShowMyTicket">InvalidShowMyTicket</a> <!-- method navigator-link -->
                      </span>
                      <br/>
                      <span>
                        <img src="failed.png" width="3%"/>
                        <a href="#" panel-name="suite-Suite" title="tests.ManageBookingTest" class="method navigator-link" hash-for-method="InvalidchangeTravelDate">InvalidchangeTravelDate</a> <!-- method navigator-link -->
                      </span>
                      <br/>
                      <span>
                        <img src="failed.png" width="3%"/>
                        <a href="#" panel-name="suite-Suite" title="tests.LoginTest" class="method navigator-link" hash-for-method="ValidLogin">ValidLogin</a> <!-- method navigator-link -->
                      </span>
                      <br/>
                    </div> <!-- method-list-content failed suite-Suite -->
                  </li>
                  <li>
                    <span class="method-list-title passed">Passed methods</span>
                    <span class="show-or-hide-methods passed">
                      <a href="#" panel-name="suite-Suite" class="hide-methods passed suite-Suite"> (hide)</a> <!-- hide-methods passed suite-Suite -->
                      <a href="#" panel-name="suite-Suite" class="show-methods passed suite-Suite"> (show)</a> <!-- show-methods passed suite-Suite -->
                    </span>
                    <div class="method-list-content passed suite-Suite">
                      <span>
                        <img src="passed.png" width="3%"/>
                        <a href="#" panel-name="suite-Suite" title="tests.OperatorSearch" class="method navigator-link" hash-for-method="OperatorSearchBus">OperatorSearchBus</a> <!-- method navigator-link -->
                      </span>
                      <br/>
                      <span>
                        <img src="passed.png" width="3%"/>
                        <a href="#" panel-name="suite-Suite" title="tests.OperatorSearch" class="method navigator-link" hash-for-method="OperatorSearchBusDifferentName">OperatorSearchBusDifferentName</a> <!-- method navigator-link -->
                      </span>
                      <br/>
                      <span>
                        <img src="passed.png" width="3%"/>
                        <a href="#" panel-name="suite-Suite" title="tests.RPoolAppDownloadTest" class="method navigator-link" hash-for-method="androidAppLink">androidAppLink</a> <!-- method navigator-link -->
                      </span>
                      <br/>
                      <span>
                        <img src="passed.png" width="3%"/>
                        <a href="#" panel-name="suite-Suite" title="tests.SocialMediaTest" class="method navigator-link" hash-for-method="fbCheck">fbCheck</a> <!-- method navigator-link -->
                      </span>
                      <br/>
                      <span>
                        <img src="passed.png" width="3%"/>
                        <a href="#" panel-name="suite-Suite" title="tests.RPoolAppDownloadTest" class="method navigator-link" hash-for-method="iosAppLink">iosAppLink</a> <!-- method navigator-link -->
                      </span>
                      <br/>
                      <span>
                        <img src="passed.png" width="3%"/>
                        <a href="#" panel-name="suite-Suite" title="tests.HomePageSearchTest" class="method navigator-link" hash-for-method="modifySearch">modifySearch</a> <!-- method navigator-link -->
                      </span>
                      <br/>
                      <span>
                        <img src="passed.png" width="3%"/>
                        <a href="#" panel-name="suite-Suite" title="tests.PrivacyLinkTest" class="method navigator-link" hash-for-method="privacyLinkTest">privacyLinkTest</a> <!-- method navigator-link -->
                      </span>
                      <br/>
                      <span>
                        <img src="passed.png" width="3%"/>
                        <a href="#" panel-name="suite-Suite" title="tests.SocialMediaTest" class="method navigator-link" hash-for-method="twitterCheck">twitterCheck</a> <!-- method navigator-link -->
                      </span>
                      <br/>
                    </div> <!-- method-list-content passed suite-Suite -->
                  </li>
                </ul>
              </div> <!-- suite-section-content -->
            </div> <!-- result-section -->
          </div> <!-- navigator-suite-content -->
        </div> <!-- rounded-window -->
      </div> <!-- suite -->
    </div> <!-- navigator-root -->
    <div class="wrapper">
      <div class="main-panel-root">
        <div panel-name="suite-Suite" class="panel Suite">
          <div class="suite-Suite-class-failed">
            <div class="main-panel-header rounded-window-top">
              <img src="failed.png"/>
              <span class="class-name">tests.ManageBookingTest</span>
            </div> <!-- main-panel-header rounded-window-top -->
            <div class="main-panel-content rounded-window-bottom">
              <div class="method">
                <div class="method-content">
                  <a name="InvalidCancelTicket">
                  </a> <!-- InvalidCancelTicket -->
                  <span class="method-name">InvalidCancelTicket</span>
                  <div class="stack-trace">org.openqa.selenium.ElementClickInterceptedException: element click intercepted: Element is not clickable at point (1044, 29)
  (Session info: headless chrome=91.0.4472.124)
Build info: version: &apos;3.141.59&apos;, revision: &apos;e82be7d358&apos;, time: &apos;2018-11-14T08:17:03&apos;
System info: host: &apos;ROHANCHOUDHARY1&apos;, ip: &apos;192.168.0.106&apos;, os.name: &apos;Windows 10&apos;, os.arch: &apos;amd64&apos;, os.version: &apos;10.0&apos;, java.version: &apos;15.0.2&apos;
Driver info: org.openqa.selenium.chrome.ChromeDriver
Capabilities {acceptInsecureCerts: false, browserName: chrome, browserVersion: 91.0.4472.124, chrome: {chromedriverVersion: 91.0.4472.19 (1bf021f248676..., userDataDir: C:\Users\ROHANC~1\AppData\L...}, goog:chromeOptions: {debuggerAddress: localhost:56827}, javascriptEnabled: true, networkConnectionEnabled: false, pageLoadStrategy: normal, platform: WINDOWS, platformName: WINDOWS, proxy: Proxy(), setWindowRect: true, strictFileInteractability: false, timeouts: {implicit: 0, pageLoad: 300000, script: 30000}, unhandledPromptBehavior: dismiss and notify, webauthn:extension:largeBlob: true, webauthn:virtualAuthenticators: true}
Session ID: 3db7be0cc3a78bbcc6c40f88381ff13f
	at org.openqa.selenium.remote.http.W3CHttpResponseCodec.createException(W3CHttpResponseCodec.java:187)
	at org.openqa.selenium.remote.http.W3CHttpResponseCodec.decode(W3CHttpResponseCodec.java:122)
	at org.openqa.selenium.remote.http.W3CHttpResponseCodec.decode(W3CHttpResponseCodec.java:49)
	at org.openqa.selenium.remote.HttpCommandExecutor.execute(HttpCommandExecutor.java:158)
	at org.openqa.selenium.remote.service.DriverCommandExecutor.execute(DriverCommandExecutor.java:83)
	at org.openqa.selenium.remote.RemoteWebDriver.execute(RemoteWebDriver.java:552)
	at org.openqa.selenium.remote.RemoteWebElement.execute(RemoteWebElement.java:285)
	at org.openqa.selenium.remote.RemoteWebElement.click(RemoteWebElement.java:84)
	at org.openqa.selenium.support.pagefactory.internal.LocatingElementHandler.invoke(LocatingElementHandler.java:51)
	at com.sun.proxy.$Proxy15.click(Unknown Source)
	at pages.ManageBookingMenu.cancel(ManageBookingMenu.java:85)
	at tests.ManageBookingTest.InvalidCancelTicket(ManageBookingTest.java:44)
... Removed 34 stack frames
</div> <!-- stack-trace -->
                </div> <!-- method-content -->
              </div> <!-- method -->
              <div class="method">
                <div class="method-content">
                  <a name="InvalidEmailSms">
                  </a> <!-- InvalidEmailSms -->
                  <span class="method-name">InvalidEmailSms</span>
                  <div class="stack-trace">org.openqa.selenium.ElementClickInterceptedException: element click intercepted: Element is not clickable at point (1044, 29)
  (Session info: headless chrome=91.0.4472.124)
Build info: version: &apos;3.141.59&apos;, revision: &apos;e82be7d358&apos;, time: &apos;2018-11-14T08:17:03&apos;
System info: host: &apos;ROHANCHOUDHARY1&apos;, ip: &apos;192.168.0.106&apos;, os.name: &apos;Windows 10&apos;, os.arch: &apos;amd64&apos;, os.version: &apos;10.0&apos;, java.version: &apos;15.0.2&apos;
Driver info: org.openqa.selenium.chrome.ChromeDriver
Capabilities {acceptInsecureCerts: false, browserName: chrome, browserVersion: 91.0.4472.124, chrome: {chromedriverVersion: 91.0.4472.19 (1bf021f248676..., userDataDir: C:\Users\ROHANC~1\AppData\L...}, goog:chromeOptions: {debuggerAddress: localhost:65067}, javascriptEnabled: true, networkConnectionEnabled: false, pageLoadStrategy: normal, platform: WINDOWS, platformName: WINDOWS, proxy: Proxy(), setWindowRect: true, strictFileInteractability: false, timeouts: {implicit: 0, pageLoad: 300000, script: 30000}, unhandledPromptBehavior: dismiss and notify, webauthn:extension:largeBlob: true, webauthn:virtualAuthenticators: true}
Session ID: 0144fc1243bba3a07f5670a37b1cc190
	at org.openqa.selenium.remote.http.W3CHttpResponseCodec.createException(W3CHttpResponseCodec.java:187)
	at org.openqa.selenium.remote.http.W3CHttpResponseCodec.decode(W3CHttpResponseCodec.java:122)
	at org.openqa.selenium.remote.http.W3CHttpResponseCodec.decode(W3CHttpResponseCodec.java:49)
	at org.openqa.selenium.remote.HttpCommandExecutor.execute(HttpCommandExecutor.java:158)
	at org.openqa.selenium.remote.service.DriverCommandExecutor.execute(DriverCommandExecutor.java:83)
	at org.openqa.selenium.remote.RemoteWebDriver.execute(RemoteWebDriver.java:552)
	at org.openqa.selenium.remote.RemoteWebElement.execute(RemoteWebElement.java:285)
	at org.openqa.selenium.remote.RemoteWebElement.click(RemoteWebElement.java:84)
	at org.openqa.selenium.support.pagefactory.internal.LocatingElementHandler.invoke(LocatingElementHandler.java:51)
	at com.sun.proxy.$Proxy15.click(Unknown Source)
	at pages.ManageBookingMenu.emailSms(ManageBookingMenu.java:69)
	at tests.ManageBookingTest.InvalidEmailSms(ManageBookingTest.java:36)
... Removed 34 stack frames
</div> <!-- stack-trace -->
                </div> <!-- method-content -->
              </div> <!-- method -->
              <div class="method">
                <div class="method-content">
                  <a name="InvalidShowMyTicket">
                  </a> <!-- InvalidShowMyTicket -->
                  <span class="method-name">InvalidShowMyTicket</span>
                  <div class="stack-trace">org.openqa.selenium.ElementClickInterceptedException: element click intercepted: Element is not clickable at point (1044, 29)
  (Session info: headless chrome=91.0.4472.124)
Build info: version: &apos;3.141.59&apos;, revision: &apos;e82be7d358&apos;, time: &apos;2018-11-14T08:17:03&apos;
System info: host: &apos;ROHANCHOUDHARY1&apos;, ip: &apos;192.168.0.106&apos;, os.name: &apos;Windows 10&apos;, os.arch: &apos;amd64&apos;, os.version: &apos;10.0&apos;, java.version: &apos;15.0.2&apos;
Driver info: org.openqa.selenium.chrome.ChromeDriver
Capabilities {acceptInsecureCerts: false, browserName: chrome, browserVersion: 91.0.4472.124, chrome: {chromedriverVersion: 91.0.4472.19 (1bf021f248676..., userDataDir: C:\Users\ROHANC~1\AppData\L...}, goog:chromeOptions: {debuggerAddress: localhost:57244}, javascriptEnabled: true, networkConnectionEnabled: false, pageLoadStrategy: normal, platform: WINDOWS, platformName: WINDOWS, proxy: Proxy(), setWindowRect: true, strictFileInteractability: false, timeouts: {implicit: 0, pageLoad: 300000, script: 30000}, unhandledPromptBehavior: dismiss and notify, webauthn:extension:largeBlob: true, webauthn:virtualAuthenticators: true}
Session ID: e99735a4774bdfcdc3b44cc3704ff725
	at org.openqa.selenium.remote.http.W3CHttpResponseCodec.createException(W3CHttpResponseCodec.java:187)
	at org.openqa.selenium.remote.http.W3CHttpResponseCodec.decode(W3CHttpResponseCodec.java:122)
	at org.openqa.selenium.remote.http.W3CHttpResponseCodec.decode(W3CHttpResponseCodec.java:49)
	at org.openqa.selenium.remote.HttpCommandExecutor.execute(HttpCommandExecutor.java:158)
	at org.openqa.selenium.remote.service.DriverCommandExecutor.execute(DriverCommandExecutor.java:83)
	at org.openqa.selenium.remote.RemoteWebDriver.execute(RemoteWebDriver.java:552)
	at org.openqa.selenium.remote.RemoteWebElement.execute(RemoteWebElement.java:285)
	at org.openqa.selenium.remote.RemoteWebElement.click(RemoteWebElement.java:84)
	at org.openqa.selenium.support.pagefactory.internal.LocatingElementHandler.invoke(LocatingElementHandler.java:51)
	at com.sun.proxy.$Proxy15.click(Unknown Source)
	at pages.ManageBookingMenu.showMyTicket(ManageBookingMenu.java:57)
	at tests.ManageBookingTest.InvalidShowMyTicket(ManageBookingTest.java:27)
... Removed 34 stack frames
</div> <!-- stack-trace -->
                </div> <!-- method-content -->
              </div> <!-- method -->
              <div class="method">
                <div class="method-content">
                  <a name="InvalidchangeTravelDate">
                  </a> <!-- InvalidchangeTravelDate -->
                  <span class="method-name">InvalidchangeTravelDate</span>
                  <div class="stack-trace">org.openqa.selenium.ElementClickInterceptedException: element click intercepted: Element is not clickable at point (1044, 29)
  (Session info: headless chrome=91.0.4472.124)
Build info: version: &apos;3.141.59&apos;, revision: &apos;e82be7d358&apos;, time: &apos;2018-11-14T08:17:03&apos;
System info: host: &apos;ROHANCHOUDHARY1&apos;, ip: &apos;192.168.0.106&apos;, os.name: &apos;Windows 10&apos;, os.arch: &apos;amd64&apos;, os.version: &apos;10.0&apos;, java.version: &apos;15.0.2&apos;
Driver info: org.openqa.selenium.chrome.ChromeDriver
Capabilities {acceptInsecureCerts: false, browserName: chrome, browserVersion: 91.0.4472.124, chrome: {chromedriverVersion: 91.0.4472.19 (1bf021f248676..., userDataDir: C:\Users\ROHANC~1\AppData\L...}, goog:chromeOptions: {debuggerAddress: localhost:55227}, javascriptEnabled: true, networkConnectionEnabled: false, pageLoadStrategy: normal, platform: WINDOWS, platformName: WINDOWS, proxy: Proxy(), setWindowRect: true, strictFileInteractability: false, timeouts: {implicit: 0, pageLoad: 300000, script: 30000}, unhandledPromptBehavior: dismiss and notify, webauthn:extension:largeBlob: true, webauthn:virtualAuthenticators: true}
Session ID: 22c2fc8439a716eabdfe5d760f3076e7
	at org.openqa.selenium.remote.http.W3CHttpResponseCodec.createException(W3CHttpResponseCodec.java:187)
	at org.openqa.selenium.remote.http.W3CHttpResponseCodec.decode(W3CHttpResponseCodec.java:122)
	at org.openqa.selenium.remote.http.W3CHttpResponseCodec.decode(W3CHttpResponseCodec.java:49)
	at org.openqa.selenium.remote.HttpCommandExecutor.execute(HttpCommandExecutor.java:158)
	at org.openqa.selenium.remote.service.DriverCommandExecutor.execute(DriverCommandExecutor.java:83)
	at org.openqa.selenium.remote.RemoteWebDriver.execute(RemoteWebDriver.java:552)
	at org.openqa.selenium.remote.RemoteWebElement.execute(RemoteWebElement.java:285)
	at org.openqa.selenium.remote.RemoteWebElement.click(RemoteWebElement.java:84)
	at org.openqa.selenium.support.pagefactory.internal.LocatingElementHandler.invoke(LocatingElementHandler.java:51)
	at com.sun.proxy.$Proxy15.click(Unknown Source)
	at pages.ManageBookingMenu.changeTravelDate(ManageBookingMenu.java:35)
	at tests.ManageBookingTest.InvalidchangeTravelDate(ManageBookingTest.java:17)
... Removed 34 stack frames
</div> <!-- stack-trace -->
                </div> <!-- method-content -->
              </div> <!-- method -->
            </div> <!-- main-panel-content rounded-window-bottom -->
          </div> <!-- suite-Suite-class-failed -->
          <div class="suite-Suite-class-failed">
            <div class="main-panel-header rounded-window-top">
              <img src="failed.png"/>
              <span class="class-name">tests.LoginTest</span>
            </div> <!-- main-panel-header rounded-window-top -->
            <div class="main-panel-content rounded-window-bottom">
              <div class="method">
                <div class="method-content">
                  <a name="InvalidLogin">
                  </a> <!-- InvalidLogin -->
                  <span class="method-name">InvalidLogin</span>
                  <div class="stack-trace">org.openqa.selenium.ElementClickInterceptedException: element click intercepted: Element is not clickable at point (1161, 32)
  (Session info: headless chrome=91.0.4472.124)
Build info: version: &apos;3.141.59&apos;, revision: &apos;e82be7d358&apos;, time: &apos;2018-11-14T08:17:03&apos;
System info: host: &apos;ROHANCHOUDHARY1&apos;, ip: &apos;192.168.0.106&apos;, os.name: &apos;Windows 10&apos;, os.arch: &apos;amd64&apos;, os.version: &apos;10.0&apos;, java.version: &apos;15.0.2&apos;
Driver info: org.openqa.selenium.chrome.ChromeDriver
Capabilities {acceptInsecureCerts: false, browserName: chrome, browserVersion: 91.0.4472.124, chrome: {chromedriverVersion: 91.0.4472.19 (1bf021f248676..., userDataDir: C:\Users\ROHANC~1\AppData\L...}, goog:chromeOptions: {debuggerAddress: localhost:52471}, javascriptEnabled: true, networkConnectionEnabled: false, pageLoadStrategy: normal, platform: WINDOWS, platformName: WINDOWS, proxy: Proxy(), setWindowRect: true, strictFileInteractability: false, timeouts: {implicit: 0, pageLoad: 300000, script: 30000}, unhandledPromptBehavior: dismiss and notify, webauthn:extension:largeBlob: true, webauthn:virtualAuthenticators: true}
Session ID: 8164987b122ead48a52e6e34bcf975a2
	at org.openqa.selenium.remote.http.W3CHttpResponseCodec.createException(W3CHttpResponseCodec.java:187)
	at org.openqa.selenium.remote.http.W3CHttpResponseCodec.decode(W3CHttpResponseCodec.java:122)
	at org.openqa.selenium.remote.http.W3CHttpResponseCodec.decode(W3CHttpResponseCodec.java:49)
	at org.openqa.selenium.remote.HttpCommandExecutor.execute(HttpCommandExecutor.java:158)
	at org.openqa.selenium.remote.service.DriverCommandExecutor.execute(DriverCommandExecutor.java:83)
	at org.openqa.selenium.remote.RemoteWebDriver.execute(RemoteWebDriver.java:552)
	at org.openqa.selenium.remote.RemoteWebElement.execute(RemoteWebElement.java:285)
	at org.openqa.selenium.remote.RemoteWebElement.click(RemoteWebElement.java:84)
	at org.openqa.selenium.support.pagefactory.internal.LocatingElementHandler.invoke(LocatingElementHandler.java:51)
	at com.sun.proxy.$Proxy15.click(Unknown Source)
	at pages.LoginPage.clickSignIn(LoginPage.java:37)
	at tests.LoginTest.InvalidLogin(LoginTest.java:31)
... Removed 33 stack frames
</div> <!-- stack-trace -->
                </div> <!-- method-content -->
              </div> <!-- method -->
              <div class="method">
                <div class="method-content">
                  <a name="ValidLogin">
                  </a> <!-- ValidLogin -->
                  <span class="method-name">ValidLogin</span>
                  <div class="stack-trace">org.openqa.selenium.ElementClickInterceptedException: element click intercepted: Element is not clickable at point (1161, 32)
  (Session info: headless chrome=91.0.4472.124)
Build info: version: &apos;3.141.59&apos;, revision: &apos;e82be7d358&apos;, time: &apos;2018-11-14T08:17:03&apos;
System info: host: &apos;ROHANCHOUDHARY1&apos;, ip: &apos;192.168.0.106&apos;, os.name: &apos;Windows 10&apos;, os.arch: &apos;amd64&apos;, os.version: &apos;10.0&apos;, java.version: &apos;15.0.2&apos;
Driver info: org.openqa.selenium.chrome.ChromeDriver
Capabilities {acceptInsecureCerts: false, browserName: chrome, browserVersion: 91.0.4472.124, chrome: {chromedriverVersion: 91.0.4472.19 (1bf021f248676..., userDataDir: C:\Users\ROHANC~1\AppData\L...}, goog:chromeOptions: {debuggerAddress: localhost:54872}, javascriptEnabled: true, networkConnectionEnabled: false, pageLoadStrategy: normal, platform: WINDOWS, platformName: WINDOWS, proxy: Proxy(), setWindowRect: true, strictFileInteractability: false, timeouts: {implicit: 0, pageLoad: 300000, script: 30000}, unhandledPromptBehavior: dismiss and notify, webauthn:extension:largeBlob: true, webauthn:virtualAuthenticators: true}
Session ID: dadf48bed82c781016c0704cdeb43789
	at org.openqa.selenium.remote.http.W3CHttpResponseCodec.createException(W3CHttpResponseCodec.java:187)
	at org.openqa.selenium.remote.http.W3CHttpResponseCodec.decode(W3CHttpResponseCodec.java:122)
	at org.openqa.selenium.remote.http.W3CHttpResponseCodec.decode(W3CHttpResponseCodec.java:49)
	at org.openqa.selenium.remote.HttpCommandExecutor.execute(HttpCommandExecutor.java:158)
	at org.openqa.selenium.remote.service.DriverCommandExecutor.execute(DriverCommandExecutor.java:83)
	at org.openqa.selenium.remote.RemoteWebDriver.execute(RemoteWebDriver.java:552)
	at org.openqa.selenium.remote.RemoteWebElement.execute(RemoteWebElement.java:285)
	at org.openqa.selenium.remote.RemoteWebElement.click(RemoteWebElement.java:84)
	at org.openqa.selenium.support.pagefactory.internal.LocatingElementHandler.invoke(LocatingElementHandler.java:51)
	at com.sun.proxy.$Proxy15.click(Unknown Source)
	at pages.LoginPage.clickSignIn(LoginPage.java:37)
	at tests.LoginTest.ValidLogin(LoginTest.java:19)
... Removed 33 stack frames
</div> <!-- stack-trace -->
                </div> <!-- method-content -->
              </div> <!-- method -->
            </div> <!-- main-panel-content rounded-window-bottom -->
          </div> <!-- suite-Suite-class-failed -->
          <div class="suite-Suite-class-passed">
            <div class="main-panel-header rounded-window-top">
              <img src="passed.png"/>
              <span class="class-name">tests.SocialMediaTest</span>
            </div> <!-- main-panel-header rounded-window-top -->
            <div class="main-panel-content rounded-window-bottom">
              <div class="method">
                <div class="method-content">
                  <a name="fbCheck">
                  </a> <!-- fbCheck -->
                  <span class="method-name">fbCheck</span>
                </div> <!-- method-content -->
              </div> <!-- method -->
              <div class="method">
                <div class="method-content">
                  <a name="twitterCheck">
                  </a> <!-- twitterCheck -->
                  <span class="method-name">twitterCheck</span>
                </div> <!-- method-content -->
              </div> <!-- method -->
            </div> <!-- main-panel-content rounded-window-bottom -->
          </div> <!-- suite-Suite-class-passed -->
          <div class="suite-Suite-class-passed">
            <div class="main-panel-header rounded-window-top">
              <img src="passed.png"/>
              <span class="class-name">tests.PrivacyLinkTest</span>
            </div> <!-- main-panel-header rounded-window-top -->
            <div class="main-panel-content rounded-window-bottom">
              <div class="method">
                <div class="method-content">
                  <a name="privacyLinkTest">
                  </a> <!-- privacyLinkTest -->
                  <span class="method-name">privacyLinkTest</span>
                </div> <!-- method-content -->
              </div> <!-- method -->
            </div> <!-- main-panel-content rounded-window-bottom -->
          </div> <!-- suite-Suite-class-passed -->
          <div class="suite-Suite-class-passed">
            <div class="main-panel-header rounded-window-top">
              <img src="passed.png"/>
              <span class="class-name">tests.RPoolAppDownloadTest</span>
            </div> <!-- main-panel-header rounded-window-top -->
            <div class="main-panel-content rounded-window-bottom">
              <div class="method">
                <div class="method-content">
                  <a name="androidAppLink">
                  </a> <!-- androidAppLink -->
                  <span class="method-name">androidAppLink</span>
                </div> <!-- method-content -->
              </div> <!-- method -->
              <div class="method">
                <div class="method-content">
                  <a name="iosAppLink">
                  </a> <!-- iosAppLink -->
                  <span class="method-name">iosAppLink</span>
                </div> <!-- method-content -->
              </div> <!-- method -->
            </div> <!-- main-panel-content rounded-window-bottom -->
          </div> <!-- suite-Suite-class-passed -->
          <div class="suite-Suite-class-passed">
            <div class="main-panel-header rounded-window-top">
              <img src="passed.png"/>
              <span class="class-name">tests.HomePageSearchTest</span>
            </div> <!-- main-panel-header rounded-window-top -->
            <div class="main-panel-content rounded-window-bottom">
              <div class="method">
                <div class="method-content">
                  <a name="modifySearch">
                  </a> <!-- modifySearch -->
                  <span class="method-name">modifySearch</span>
                </div> <!-- method-content -->
              </div> <!-- method -->
            </div> <!-- main-panel-content rounded-window-bottom -->
          </div> <!-- suite-Suite-class-passed -->
          <div class="suite-Suite-class-passed">
            <div class="main-panel-header rounded-window-top">
              <img src="passed.png"/>
              <span class="class-name">tests.OperatorSearch</span>
            </div> <!-- main-panel-header rounded-window-top -->
            <div class="main-panel-content rounded-window-bottom">
              <div class="method">
                <div class="method-content">
                  <a name="OperatorSearchBus">
                  </a> <!-- OperatorSearchBus -->
                  <span class="method-name">OperatorSearchBus</span>
                </div> <!-- method-content -->
              </div> <!-- method -->
              <div class="method">
                <div class="method-content">
                  <a name="OperatorSearchBusDifferentName">
                  </a> <!-- OperatorSearchBusDifferentName -->
                  <span class="method-name">OperatorSearchBusDifferentName</span>
                </div> <!-- method-content -->
              </div> <!-- method -->
            </div> <!-- main-panel-content rounded-window-bottom -->
          </div> <!-- suite-Suite-class-passed -->
        </div> <!-- panel Suite -->
        <div panel-name="test-xml-Suite" class="panel">
          <div class="main-panel-header rounded-window-top">
            <span class="header-content">C:\Users\rohanchoudhary\eclipse-workspace\ExitTestFin\testng.xml</span>
          </div> <!-- main-panel-header rounded-window-top -->
          <div class="main-panel-content rounded-window-bottom">
            <pre>
&lt;?xml version=&quot;1.0&quot; encoding=&quot;UTF-8&quot;?&gt;
&lt;!DOCTYPE suite SYSTEM &quot;http://testng.org/testng-1.0.dtd&quot;&gt;
&lt;suite name=&quot;Suite&quot; guice-stage=&quot;DEVELOPMENT&quot;&gt;
  &lt;listeners&gt;
    &lt;listener class-name=&quot;listener.MethodInterceptor&quot;/&gt;
  &lt;/listeners&gt;
  &lt;test thread-count=&quot;5&quot; name=&quot;Test&quot;&gt;
    &lt;classes&gt;
      &lt;class name=&quot;tests.GlobalSitesTest&quot;/&gt;
      &lt;class name=&quot;tests.BusHireTest&quot;/&gt;
      &lt;class name=&quot;tests.PrivacyLinkTest&quot;/&gt;
      &lt;class name=&quot;tests.FAQTest&quot;/&gt;
      &lt;class name=&quot;tests.AppLinkMobileTest&quot;/&gt;
      &lt;class name=&quot;tests.RPoolAppDownloadTest&quot;/&gt;
      &lt;class name=&quot;tests.LoginTest&quot;/&gt;
      &lt;class name=&quot;tests.CareerPageTest&quot;/&gt;
      &lt;class name=&quot;tests.HomePageSearchTest&quot;/&gt;
      &lt;class name=&quot;tests.ContactUsTest&quot;/&gt;
      &lt;class name=&quot;tests.AgentRegistrationTest&quot;/&gt;
      &lt;class name=&quot;tests.ManageBookingTest&quot;/&gt;
      &lt;class name=&quot;tests.OperatorSearch&quot;/&gt;
      &lt;class name=&quot;tests.SocialMediaTest&quot;/&gt;
    &lt;/classes&gt;
  &lt;/test&gt; &lt;!-- Test --&gt;
&lt;/suite&gt; &lt;!-- Suite --&gt;
            </pre>
          </div> <!-- main-panel-content rounded-window-bottom -->
        </div> <!-- panel -->
        <div panel-name="testlist-Suite" class="panel">
          <div class="main-panel-header rounded-window-top">
            <span class="header-content">Tests for Suite</span>
          </div> <!-- main-panel-header rounded-window-top -->
          <div class="main-panel-content rounded-window-bottom">
            <ul>
              <li>
                <span class="test-name">Test (14 classes)</span>
              </li>
            </ul>
          </div> <!-- main-panel-content rounded-window-bottom -->
        </div> <!-- panel -->
        <div panel-name="group-Suite" class="panel">
          <div class="main-panel-header rounded-window-top">
            <span class="header-content">Groups for Suite</span>
          </div> <!-- main-panel-header rounded-window-top -->
          <div class="main-panel-content rounded-window-bottom">
            <div class="test-group">
              <span class="test-group-name">login</span>
              <br/>
              <div class="method-in-group">
                <span class="method-in-group-name">InvalidLogin</span>
                <br/>
              </div> <!-- method-in-group -->
              <div class="method-in-group">
                <span class="method-in-group-name">ValidLogin</span>
                <br/>
              </div> <!-- method-in-group -->
            </div> <!-- test-group -->
            <div class="test-group">
              <span class="test-group-name">manage_booking</span>
              <br/>
              <div class="method-in-group">
                <span class="method-in-group-name">InvalidCancelTicket</span>
                <br/>
              </div> <!-- method-in-group -->
              <div class="method-in-group">
                <span class="method-in-group-name">InvalidEmailSms</span>
                <br/>
              </div> <!-- method-in-group -->
              <div class="method-in-group">
                <span class="method-in-group-name">InvalidShowMyTicket</span>
                <br/>
              </div> <!-- method-in-group -->
              <div class="method-in-group">
                <span class="method-in-group-name">InvalidchangeTravelDate</span>
                <br/>
              </div> <!-- method-in-group -->
            </div> <!-- test-group -->
            <div class="test-group">
              <span class="test-group-name">privacy</span>
              <br/>
              <div class="method-in-group">
                <span class="method-in-group-name">privacyLinkTest</span>
                <br/>
              </div> <!-- method-in-group -->
            </div> <!-- test-group -->
            <div class="test-group">
              <span class="test-group-name">rPool</span>
              <br/>
              <div class="method-in-group">
                <span class="method-in-group-name">androidAppLink</span>
                <br/>
              </div> <!-- method-in-group -->
              <div class="method-in-group">
                <span class="method-in-group-name">iosAppLink</span>
                <br/>
              </div> <!-- method-in-group -->
            </div> <!-- test-group -->
            <div class="test-group">
              <span class="test-group-name">search</span>
              <br/>
              <div class="method-in-group">
                <span class="method-in-group-name">OperatorSearchBus</span>
                <br/>
              </div> <!-- method-in-group -->
              <div class="method-in-group">
                <span class="method-in-group-name">OperatorSearchBusDifferentName</span>
                <br/>
              </div> <!-- method-in-group -->
              <div class="method-in-group">
                <span class="method-in-group-name">modifySearch</span>
                <br/>
              </div> <!-- method-in-group -->
            </div> <!-- test-group -->
            <div class="test-group">
              <span class="test-group-name">social</span>
              <br/>
              <div class="method-in-group">
                <span class="method-in-group-name">fbCheck</span>
                <br/>
              </div> <!-- method-in-group -->
              <div class="method-in-group">
                <span class="method-in-group-name">twitterCheck</span>
                <br/>
              </div> <!-- method-in-group -->
            </div> <!-- test-group -->
          </div> <!-- main-panel-content rounded-window-bottom -->
        </div> <!-- panel -->
        <div panel-name="times-Suite" class="panel">
          <div class="main-panel-header rounded-window-top">
            <span class="header-content">Times for Suite</span>
          </div> <!-- main-panel-header rounded-window-top -->
          <div class="main-panel-content rounded-window-bottom">
            <div class="times-div">
              <script type="text/javascript">
suiteTableInitFunctions.push('tableData_Suite');
function tableData_Suite() {
var data = new google.visualization.DataTable();
data.addColumn('number', 'Number');
data.addColumn('string', 'Method');
data.addColumn('string', 'Class');
data.addColumn('number', 'Time (ms)');
data.addRows(14);
data.setCell(0, 0, 0)
data.setCell(0, 1, 'OperatorSearchBusDifferentName')
data.setCell(0, 2, 'tests.OperatorSearch')
data.setCell(0, 3, 13547);
data.setCell(1, 0, 1)
data.setCell(1, 1, 'modifySearch')
data.setCell(1, 2, 'tests.HomePageSearchTest')
data.setCell(1, 3, 11913);
data.setCell(2, 0, 2)
data.setCell(2, 1, 'OperatorSearchBus')
data.setCell(2, 2, 'tests.OperatorSearch')
data.setCell(2, 3, 11495);
data.setCell(3, 0, 3)
data.setCell(3, 1, 'iosAppLink')
data.setCell(3, 2, 'tests.RPoolAppDownloadTest')
data.setCell(3, 3, 8687);
data.setCell(4, 0, 4)
data.setCell(4, 1, 'androidAppLink')
data.setCell(4, 2, 'tests.RPoolAppDownloadTest')
data.setCell(4, 3, 5294);
data.setCell(5, 0, 5)
data.setCell(5, 1, 'fbCheck')
data.setCell(5, 2, 'tests.SocialMediaTest')
data.setCell(5, 3, 4907);
data.setCell(6, 0, 6)
data.setCell(6, 1, 'twitterCheck')
data.setCell(6, 2, 'tests.SocialMediaTest')
data.setCell(6, 3, 2375);
data.setCell(7, 0, 7)
data.setCell(7, 1, 'privacyLinkTest')
data.setCell(7, 2, 'tests.PrivacyLinkTest')
data.setCell(7, 3, 2342);
data.setCell(8, 0, 8)
data.setCell(8, 1, 'InvalidShowMyTicket')
data.setCell(8, 2, 'tests.ManageBookingTest')
data.setCell(8, 3, 1368);
data.setCell(9, 0, 9)
data.setCell(9, 1, 'InvalidchangeTravelDate')
data.setCell(9, 2, 'tests.ManageBookingTest')
data.setCell(9, 3, 1324);
data.setCell(10, 0, 10)
data.setCell(10, 1, 'InvalidLogin')
data.setCell(10, 2, 'tests.LoginTest')
data.setCell(10, 3, 1323);
data.setCell(11, 0, 11)
data.setCell(11, 1, 'ValidLogin')
data.setCell(11, 2, 'tests.LoginTest')
data.setCell(11, 3, 1304);
data.setCell(12, 0, 12)
data.setCell(12, 1, 'InvalidEmailSms')
data.setCell(12, 2, 'tests.ManageBookingTest')
data.setCell(12, 3, 1278);
data.setCell(13, 0, 13)
data.setCell(13, 1, 'InvalidCancelTicket')
data.setCell(13, 2, 'tests.ManageBookingTest')
data.setCell(13, 3, 1275);
window.suiteTableData['Suite']= { tableData: data, tableDiv: 'times-div-Suite'}
return data;
}
              </script>
              <span class="suite-total-time">Total running time: 1 minutes</span>
              <div id="times-div-Suite">
              </div> <!-- times-div-Suite -->
            </div> <!-- times-div -->
          </div> <!-- main-panel-content rounded-window-bottom -->
        </div> <!-- panel -->
        <div panel-name="reporter-Suite" class="panel">
          <div class="main-panel-header rounded-window-top">
            <span class="header-content">Reporter output for Suite</span>
          </div> <!-- main-panel-header rounded-window-top -->
          <div class="main-panel-content rounded-window-bottom">
          </div> <!-- main-panel-content rounded-window-bottom -->
        </div> <!-- panel -->
        <div panel-name="ignored-methods-Suite" class="panel">
          <div class="main-panel-header rounded-window-top">
            <span class="header-content">26 ignored methods</span>
          </div> <!-- main-panel-header rounded-window-top -->
          <div class="main-panel-content rounded-window-bottom">
            <div class="ignored-class-div">
              <span class="ignored-class-name">tests.SocialMediaTest</span>
              <div class="ignored-methods-div">
                <span class="ignored-method-name">endReport</span>
                <br/>
                <span class="ignored-method-name">setExtent</span>
                <br/>
              </div> <!-- ignored-methods-div -->
            </div> <!-- ignored-class-div -->
            <div class="ignored-class-div">
              <span class="ignored-class-name">tests.RPoolAppDownloadTest</span>
              <div class="ignored-methods-div">
                <span class="ignored-method-name">endReport</span>
                <br/>
                <span class="ignored-method-name">setExtent</span>
                <br/>
              </div> <!-- ignored-methods-div -->
            </div> <!-- ignored-class-div -->
            <div class="ignored-class-div">
              <span class="ignored-class-name">tests.AppLinkMobileTest</span>
              <div class="ignored-methods-div">
                <span class="ignored-method-name">endReport</span>
                <br/>
                <span class="ignored-method-name">setExtent</span>
                <br/>
              </div> <!-- ignored-methods-div -->
            </div> <!-- ignored-class-div -->
            <div class="ignored-class-div">
              <span class="ignored-class-name">tests.ContactUsTest</span>
              <div class="ignored-methods-div">
                <span class="ignored-method-name">endReport</span>
                <br/>
                <span class="ignored-method-name">setExtent</span>
                <br/>
              </div> <!-- ignored-methods-div -->
            </div> <!-- ignored-class-div -->
            <div class="ignored-class-div">
              <span class="ignored-class-name">tests.HomePageSearchTest</span>
              <div class="ignored-methods-div">
                <span class="ignored-method-name">endReport</span>
                <br/>
                <span class="ignored-method-name">setExtent</span>
                <br/>
              </div> <!-- ignored-methods-div -->
            </div> <!-- ignored-class-div -->
            <div class="ignored-class-div">
              <span class="ignored-class-name">tests.LoginTest</span>
              <div class="ignored-methods-div">
                <span class="ignored-method-name">endReport</span>
                <br/>
                <span class="ignored-method-name">setExtent</span>
                <br/>
              </div> <!-- ignored-methods-div -->
            </div> <!-- ignored-class-div -->
            <div class="ignored-class-div">
              <span class="ignored-class-name">tests.CareerPageTest</span>
              <div class="ignored-methods-div">
                <span class="ignored-method-name">endReport</span>
                <br/>
                <span class="ignored-method-name">setExtent</span>
                <br/>
              </div> <!-- ignored-methods-div -->
            </div> <!-- ignored-class-div -->
            <div class="ignored-class-div">
              <span class="ignored-class-name">tests.BusHireTest</span>
              <div class="ignored-methods-div">
                <span class="ignored-method-name">endReport</span>
                <br/>
                <span class="ignored-method-name">setExtent</span>
                <br/>
              </div> <!-- ignored-methods-div -->
            </div> <!-- ignored-class-div -->
            <div class="ignored-class-div">
              <span class="ignored-class-name">tests.FAQTest</span>
              <div class="ignored-methods-div">
                <span class="ignored-method-name">endReport</span>
                <br/>
                <span class="ignored-method-name">setExtent</span>
                <br/>
              </div> <!-- ignored-methods-div -->
            </div> <!-- ignored-class-div -->
            <div class="ignored-class-div">
              <span class="ignored-class-name">tests.ManageBookingTest</span>
              <div class="ignored-methods-div">
                <span class="ignored-method-name">endReport</span>
                <br/>
                <span class="ignored-method-name">setExtent</span>
                <br/>
              </div> <!-- ignored-methods-div -->
            </div> <!-- ignored-class-div -->
            <div class="ignored-class-div">
              <span class="ignored-class-name">tests.PrivacyLinkTest</span>
              <div class="ignored-methods-div">
                <span class="ignored-method-name">endReport</span>
                <br/>
                <span class="ignored-method-name">setExtent</span>
                <br/>
              </div> <!-- ignored-methods-div -->
            </div> <!-- ignored-class-div -->
            <div class="ignored-class-div">
              <span class="ignored-class-name">tests.AgentRegistrationTest</span>
              <div class="ignored-methods-div">
                <span class="ignored-method-name">endReport</span>
                <br/>
                <span class="ignored-method-name">setExtent</span>
                <br/>
              </div> <!-- ignored-methods-div -->
            </div> <!-- ignored-class-div -->
            <div class="ignored-class-div">
              <span class="ignored-class-name">tests.OperatorSearch</span>
              <div class="ignored-methods-div">
                <span class="ignored-method-name">endReport</span>
                <br/>
                <span class="ignored-method-name">setExtent</span>
                <br/>
              </div> <!-- ignored-methods-div -->
            </div> <!-- ignored-class-div -->
          </div> <!-- main-panel-content rounded-window-bottom -->
        </div> <!-- panel -->
        <div panel-name="chronological-Suite" class="panel">
          <div class="main-panel-header rounded-window-top">
            <span class="header-content">Methods in chronological order</span>
          </div> <!-- main-panel-header rounded-window-top -->
          <div class="main-panel-content rounded-window-bottom">
            <div class="chronological-class">
              <div class="chronological-class-name">tests.GlobalSitesTest</div> <!-- chronological-class-name -->
              <div class="configuration-suite before">
                <span class="method-name">setExtent</span>
                <span class="method-start">0 ms</span>
              </div> <!-- configuration-suite before -->
            </div> <!-- chronological-class -->
            <div class="chronological-class">
              <div class="chronological-class-name">tests.PrivacyLinkTest</div> <!-- chronological-class-name -->
              <div class="configuration-method before">
                <span class="method-name">intializeWebdriver</span>
                <span class="method-start">1658 ms</span>
              </div> <!-- configuration-method before -->
              <div class="configuration-method before">
                <span class="method-name">openBrowser</span>
                <span class="method-start">3732 ms</span>
              </div> <!-- configuration-method before -->
              <div class="test-method">
                <span class="method-name">privacyLinkTest</span>
                <span class="method-start">6738 ms</span>
              </div> <!-- test-method -->
              <div class="configuration-method after">
                <span class="method-name">Logger([TestResult name=privacyLinkTest status=SUCCESS method=PrivacyLinkTest.privacyLinkTest()[pri:0, inst...)</span>
                <span class="method-start">9085 ms</span>
              </div> <!-- configuration-method after -->
              <div class="configuration-method after">
                <span class="method-name">attachScreenShot([TestResult name=privacyLinkTest status=SUCCESS method=PrivacyLinkTest.privacyLinkTest()[pri:0, inst...)</span>
                <span class="method-start">9091 ms</span>
              </div> <!-- configuration-method after -->
              <div class="configuration-method after">
                <span class="method-name">closeBrowser</span>
                <span class="method-start">9097 ms</span>
              </div> <!-- configuration-method after -->
            </div> <!-- chronological-class -->
            <div class="chronological-class">
              <div class="chronological-class-name">tests.RPoolAppDownloadTest</div> <!-- chronological-class-name -->
              <div class="configuration-method before">
                <span class="method-name">intializeWebdriver</span>
                <span class="method-start">9837 ms</span>
              </div> <!-- configuration-method before -->
              <div class="configuration-method before">
                <span class="method-name">openBrowser</span>
                <span class="method-start">11121 ms</span>
              </div> <!-- configuration-method before -->
              <div class="test-method">
                <span class="method-name">androidAppLink</span>
                <span class="method-start">14539 ms</span>
              </div> <!-- test-method -->
              <div class="configuration-method after">
                <span class="method-name">Logger([TestResult name=androidAppLink status=SUCCESS method=RPoolAppDownloadTest.androidAppLink()[pri:0, i...)</span>
                <span class="method-start">19835 ms</span>
              </div> <!-- configuration-method after -->
              <div class="configuration-method after">
                <span class="method-name">attachScreenShot([TestResult name=androidAppLink status=SUCCESS method=RPoolAppDownloadTest.androidAppLink()[pri:0, i...)</span>
                <span class="method-start">19836 ms</span>
              </div> <!-- configuration-method after -->
              <div class="configuration-method after">
                <span class="method-name">closeBrowser</span>
                <span class="method-start">19836 ms</span>
              </div> <!-- configuration-method after -->
              <div class="configuration-method before">
                <span class="method-name">intializeWebdriver</span>
                <span class="method-start">20799 ms</span>
              </div> <!-- configuration-method before -->
              <div class="configuration-method before">
                <span class="method-name">openBrowser</span>
                <span class="method-start">22241 ms</span>
              </div> <!-- configuration-method before -->
              <div class="test-method">
                <span class="method-name">iosAppLink</span>
                <span class="method-start">25638 ms</span>
              </div> <!-- test-method -->
              <div class="configuration-method after">
                <span class="method-name">Logger([TestResult name=iosAppLink status=SUCCESS method=RPoolAppDownloadTest.iosAppLink()[pri:0, instance:...)</span>
                <span class="method-start">34326 ms</span>
              </div> <!-- configuration-method after -->
              <div class="configuration-method after">
                <span class="method-name">attachScreenShot([TestResult name=iosAppLink status=SUCCESS method=RPoolAppDownloadTest.iosAppLink()[pri:0, instance:...)</span>
                <span class="method-start">34328 ms</span>
              </div> <!-- configuration-method after -->
              <div class="configuration-method after">
                <span class="method-name">closeBrowser</span>
                <span class="method-start">34328 ms</span>
              </div> <!-- configuration-method after -->
            </div> <!-- chronological-class -->
            <div class="chronological-class">
              <div class="chronological-class-name">tests.HomePageSearchTest</div> <!-- chronological-class-name -->
              <div class="configuration-method before">
                <span class="method-name">intializeWebdriver</span>
                <span class="method-start">35045 ms</span>
              </div> <!-- configuration-method before -->
              <div class="configuration-method before">
                <span class="method-name">openBrowser</span>
                <span class="method-start">36400 ms</span>
              </div> <!-- configuration-method before -->
              <div class="test-method">
                <span class="method-name">modifySearch</span>
                <span class="method-start">39474 ms</span>
              </div> <!-- test-method -->
              <div class="configuration-method after">
                <span class="method-name">Logger([TestResult name=modifySearch status=SUCCESS method=HomePageSearchTest.modifySearch()[pri:0, instanc...)</span>
                <span class="method-start">51390 ms</span>
              </div> <!-- configuration-method after -->
              <div class="configuration-method after">
                <span class="method-name">attachScreenShot([TestResult name=modifySearch status=SUCCESS method=HomePageSearchTest.modifySearch()[pri:0, instanc...)</span>
                <span class="method-start">51392 ms</span>
              </div> <!-- configuration-method after -->
              <div class="configuration-method after">
                <span class="method-name">closeBrowser</span>
                <span class="method-start">51393 ms</span>
              </div> <!-- configuration-method after -->
            </div> <!-- chronological-class -->
            <div class="chronological-class">
              <div class="chronological-class-name">tests.ManageBookingTest</div> <!-- chronological-class-name -->
              <div class="configuration-method before">
                <span class="method-name">intializeWebdriver</span>
                <span class="method-start">52223 ms</span>
              </div> <!-- configuration-method before -->
              <div class="configuration-method before">
                <span class="method-name">openBrowser</span>
                <span class="method-start">53583 ms</span>
              </div> <!-- configuration-method before -->
              <div class="test-method">
                <img src="failed.png">
                </img>
                <span class="method-name">InvalidCancelTicket</span>
                <span class="method-start">57030 ms</span>
              </div> <!-- test-method -->
              <div class="configuration-method after">
                <span class="method-name">Logger([TestResult name=InvalidCancelTicket status=FAILURE method=ManageBookingTest.InvalidCancelTicket()[p...)</span>
                <span class="method-start">58311 ms</span>
              </div> <!-- configuration-method after -->
              <div class="configuration-method after">
                <span class="method-name">attachScreenShot([TestResult name=InvalidCancelTicket status=FAILURE method=ManageBookingTest.InvalidCancelTicket()[p...)</span>
                <span class="method-start">58313 ms</span>
              </div> <!-- configuration-method after -->
              <div class="configuration-method after">
                <span class="method-name">closeBrowser</span>
                <span class="method-start">58681 ms</span>
              </div> <!-- configuration-method after -->
              <div class="configuration-method before">
                <span class="method-name">intializeWebdriver</span>
                <span class="method-start">59315 ms</span>
              </div> <!-- configuration-method before -->
              <div class="configuration-method before">
                <span class="method-name">openBrowser</span>
                <span class="method-start">60834 ms</span>
              </div> <!-- configuration-method before -->
              <div class="test-method">
                <img src="failed.png">
                </img>
                <span class="method-name">InvalidEmailSms</span>
                <span class="method-start">63782 ms</span>
              </div> <!-- test-method -->
              <div class="configuration-method after">
                <span class="method-name">Logger([TestResult name=InvalidEmailSms status=FAILURE method=ManageBookingTest.InvalidEmailSms()[pri:0, in...)</span>
                <span class="method-start">65063 ms</span>
              </div> <!-- configuration-method after -->
              <div class="configuration-method after">
                <span class="method-name">attachScreenShot([TestResult name=InvalidEmailSms status=FAILURE method=ManageBookingTest.InvalidEmailSms()[pri:0, in...)</span>
                <span class="method-start">65065 ms</span>
              </div> <!-- configuration-method after -->
              <div class="configuration-method after">
                <span class="method-name">closeBrowser</span>
                <span class="method-start">65330 ms</span>
              </div> <!-- configuration-method after -->
              <div class="configuration-method before">
                <span class="method-name">intializeWebdriver</span>
                <span class="method-start">65963 ms</span>
              </div> <!-- configuration-method before -->
              <div class="configuration-method before">
                <span class="method-name">openBrowser</span>
                <span class="method-start">67230 ms</span>
              </div> <!-- configuration-method before -->
              <div class="test-method">
                <img src="failed.png">
                </img>
                <span class="method-name">InvalidShowMyTicket</span>
                <span class="method-start">70455 ms</span>
              </div> <!-- test-method -->
              <div class="configuration-method after">
                <span class="method-name">Logger([TestResult name=InvalidShowMyTicket status=FAILURE method=ManageBookingTest.InvalidShowMyTicket()[p...)</span>
                <span class="method-start">71827 ms</span>
              </div> <!-- configuration-method after -->
              <div class="configuration-method after">
                <span class="method-name">attachScreenShot([TestResult name=InvalidShowMyTicket status=FAILURE method=ManageBookingTest.InvalidShowMyTicket()[p...)</span>
                <span class="method-start">71828 ms</span>
              </div> <!-- configuration-method after -->
              <div class="configuration-method after">
                <span class="method-name">closeBrowser</span>
                <span class="method-start">72343 ms</span>
              </div> <!-- configuration-method after -->
              <div class="configuration-method before">
                <span class="method-name">intializeWebdriver</span>
                <span class="method-start">72989 ms</span>
              </div> <!-- configuration-method before -->
              <div class="configuration-method before">
                <span class="method-name">openBrowser</span>
                <span class="method-start">74286 ms</span>
              </div> <!-- configuration-method before -->
              <div class="test-method">
                <img src="failed.png">
                </img>
                <span class="method-name">InvalidchangeTravelDate</span>
                <span class="method-start">77293 ms</span>
              </div> <!-- test-method -->
              <div class="configuration-method after">
                <span class="method-name">Logger([TestResult name=InvalidchangeTravelDate status=FAILURE method=ManageBookingTest.InvalidchangeTravel...)</span>
                <span class="method-start">78620 ms</span>
              </div> <!-- configuration-method after -->
              <div class="configuration-method after">
                <span class="method-name">attachScreenShot([TestResult name=InvalidchangeTravelDate status=FAILURE method=ManageBookingTest.InvalidchangeTravel...)</span>
                <span class="method-start">78621 ms</span>
              </div> <!-- configuration-method after -->
              <div class="configuration-method after">
                <span class="method-name">closeBrowser</span>
                <span class="method-start">78957 ms</span>
              </div> <!-- configuration-method after -->
            </div> <!-- chronological-class -->
            <div class="chronological-class">
              <div class="chronological-class-name">tests.LoginTest</div> <!-- chronological-class-name -->
              <div class="configuration-method before">
                <span class="method-name">intializeWebdriver</span>
                <span class="method-start">79616 ms</span>
              </div> <!-- configuration-method before -->
              <div class="configuration-method before">
                <span class="method-name">openBrowser</span>
                <span class="method-start">81164 ms</span>
              </div> <!-- configuration-method before -->
              <div class="test-method">
                <img src="failed.png">
                </img>
                <span class="method-name">InvalidLogin</span>
                <span class="method-start">84664 ms</span>
              </div> <!-- test-method -->
              <div class="configuration-method after">
                <span class="method-name">Logger([TestResult name=InvalidLogin status=FAILURE method=LoginTest.InvalidLogin()[pri:0, instance:tests.L...)</span>
                <span class="method-start">85991 ms</span>
              </div> <!-- configuration-method after -->
              <div class="configuration-method after">
                <span class="method-name">attachScreenShot([TestResult name=InvalidLogin status=FAILURE method=LoginTest.InvalidLogin()[pri:0, instance:tests.L...)</span>
                <span class="method-start">85992 ms</span>
              </div> <!-- configuration-method after -->
              <div class="configuration-method after">
                <span class="method-name">closeBrowser</span>
                <span class="method-start">86303 ms</span>
              </div> <!-- configuration-method after -->
              <div class="configuration-method before">
                <span class="method-name">intializeWebdriver</span>
                <span class="method-start">86952 ms</span>
              </div> <!-- configuration-method before -->
              <div class="configuration-method before">
                <span class="method-name">openBrowser</span>
                <span class="method-start">88430 ms</span>
              </div> <!-- configuration-method before -->
              <div class="test-method">
                <img src="failed.png">
                </img>
                <span class="method-name">ValidLogin</span>
                <span class="method-start">91789 ms</span>
              </div> <!-- test-method -->
              <div class="configuration-method after">
                <span class="method-name">Logger([TestResult name=ValidLogin status=FAILURE method=LoginTest.ValidLogin()[pri:0, instance:tests.Login...)</span>
                <span class="method-start">93096 ms</span>
              </div> <!-- configuration-method after -->
              <div class="configuration-method after">
                <span class="method-name">attachScreenShot([TestResult name=ValidLogin status=FAILURE method=LoginTest.ValidLogin()[pri:0, instance:tests.Login...)</span>
                <span class="method-start">93098 ms</span>
              </div> <!-- configuration-method after -->
              <div class="configuration-method after">
                <span class="method-name">closeBrowser</span>
                <span class="method-start">93400 ms</span>
              </div> <!-- configuration-method after -->
            </div> <!-- chronological-class -->
            <div class="chronological-class">
              <div class="chronological-class-name">tests.OperatorSearch</div> <!-- chronological-class-name -->
              <div class="configuration-method before">
                <span class="method-name">intializeWebdriver</span>
                <span class="method-start">94021 ms</span>
              </div> <!-- configuration-method before -->
              <div class="configuration-method before">
                <span class="method-name">openBrowser</span>
                <span class="method-start">95514 ms</span>
              </div> <!-- configuration-method before -->
              <div class="test-method">
                <span class="method-name">OperatorSearchBus</span>
                <span class="method-start">98617 ms</span>
              </div> <!-- test-method -->
              <div class="configuration-method after">
                <span class="method-name">Logger([TestResult name=OperatorSearchBus status=SUCCESS method=OperatorSearch.OperatorSearchBus()[pri:0, i...)</span>
                <span class="method-start">110114 ms</span>
              </div> <!-- configuration-method after -->
              <div class="configuration-method after">
                <span class="method-name">attachScreenShot([TestResult name=OperatorSearchBus status=SUCCESS method=OperatorSearch.OperatorSearchBus()[pri:0, i...)</span>
                <span class="method-start">110116 ms</span>
              </div> <!-- configuration-method after -->
              <div class="configuration-method after">
                <span class="method-name">closeBrowser</span>
                <span class="method-start">110116 ms</span>
              </div> <!-- configuration-method after -->
              <div class="configuration-method before">
                <span class="method-name">intializeWebdriver</span>
                <span class="method-start">110913 ms</span>
              </div> <!-- configuration-method before -->
              <div class="configuration-method before">
                <span class="method-name">openBrowser</span>
                <span class="method-start">112331 ms</span>
              </div> <!-- configuration-method before -->
              <div class="test-method">
                <span class="method-name">OperatorSearchBusDifferentName</span>
                <span class="method-start">115507 ms</span>
              </div> <!-- test-method -->
              <div class="configuration-method after">
                <span class="method-name">Logger([TestResult name=OperatorSearchBusDifferentName status=SUCCESS method=OperatorSearch.OperatorSearchB...)</span>
                <span class="method-start">129057 ms</span>
              </div> <!-- configuration-method after -->
              <div class="configuration-method after">
                <span class="method-name">attachScreenShot([TestResult name=OperatorSearchBusDifferentName status=SUCCESS method=OperatorSearch.OperatorSearchB...)</span>
                <span class="method-start">129058 ms</span>
              </div> <!-- configuration-method after -->
              <div class="configuration-method after">
                <span class="method-name">closeBrowser</span>
                <span class="method-start">129059 ms</span>
              </div> <!-- configuration-method after -->
            </div> <!-- chronological-class -->
            <div class="chronological-class">
              <div class="chronological-class-name">tests.SocialMediaTest</div> <!-- chronological-class-name -->
              <div class="configuration-method before">
                <span class="method-name">intializeWebdriver</span>
                <span class="method-start">129911 ms</span>
              </div> <!-- configuration-method before -->
              <div class="configuration-method before">
                <span class="method-name">openBrowser</span>
                <span class="method-start">131338 ms</span>
              </div> <!-- configuration-method before -->
              <div class="test-method">
                <span class="method-name">fbCheck</span>
                <span class="method-start">134516 ms</span>
              </div> <!-- test-method -->
              <div class="configuration-method after">
                <span class="method-name">Logger([TestResult name=fbCheck status=SUCCESS method=SocialMediaTest.fbCheck()[pri:0, instance:tests.Socia...)</span>
                <span class="method-start">139425 ms</span>
              </div> <!-- configuration-method after -->
              <div class="configuration-method after">
                <span class="method-name">attachScreenShot([TestResult name=fbCheck status=SUCCESS method=SocialMediaTest.fbCheck()[pri:0, instance:tests.Socia...)</span>
                <span class="method-start">139426 ms</span>
              </div> <!-- configuration-method after -->
              <div class="configuration-method after">
                <span class="method-name">closeBrowser</span>
                <span class="method-start">139426 ms</span>
              </div> <!-- configuration-method after -->
              <div class="configuration-method before">
                <span class="method-name">intializeWebdriver</span>
                <span class="method-start">140180 ms</span>
              </div> <!-- configuration-method before -->
              <div class="configuration-method before">
                <span class="method-name">openBrowser</span>
                <span class="method-start">141612 ms</span>
              </div> <!-- configuration-method before -->
              <div class="test-method">
                <span class="method-name">twitterCheck</span>
                <span class="method-start">144834 ms</span>
              </div> <!-- test-method -->
              <div class="configuration-method after">
                <span class="method-name">Logger([TestResult name=twitterCheck status=SUCCESS method=SocialMediaTest.twitterCheck()[pri:0, instance:t...)</span>
                <span class="method-start">147210 ms</span>
              </div> <!-- configuration-method after -->
              <div class="configuration-method after">
                <span class="method-name">attachScreenShot([TestResult name=twitterCheck status=SUCCESS method=SocialMediaTest.twitterCheck()[pri:0, instance:t...)</span>
                <span class="method-start">147211 ms</span>
              </div> <!-- configuration-method after -->
              <div class="configuration-method after">
                <span class="method-name">closeBrowser</span>
                <span class="method-start">147211 ms</span>
              </div> <!-- configuration-method after -->
            </div> <!-- chronological-class -->
            <div class="chronological-class">
              <div class="chronological-class-name">tests.GlobalSitesTest</div> <!-- chronological-class-name -->
              <div class="configuration-suite after">
                <span class="method-name">endReport</span>
                <span class="method-start">148355 ms</span>
              </div> <!-- configuration-suite after -->
          </div> <!-- main-panel-content rounded-window-bottom -->
        </div> <!-- panel -->
      </div> <!-- main-panel-root -->
    </div> <!-- wrapper -->
  </body>
</html>
