<?xml version="1.0" encoding="UTF-8"?>
<testng-results ignored="26" total="40" passed="8" failed="6" skipped="0">
  <reporter-output>
  </reporter-output>
  <suite started-at="2021-07-01T20:50:12Z" name="Suite" finished-at="2021-07-01T20:52:40Z" duration-ms="147891">
    <groups>
      <group name="mobLink">
        <method signature="AppLinkMobileTest.InvalidMobileAppLink()[pri:0, instance:tests.AppLinkMobileTest@10cf09e8]" name="InvalidMobileAppLink" class="tests.AppLinkMobileTest"/>
        <method signature="AppLinkMobileTest.ValidMobileAppLink()[pri:0, instance:tests.AppLinkMobileTest@10cf09e8]" name="ValidMobileAppLink" class="tests.AppLinkMobileTest"/>
      </group> <!-- mobLink -->
      <group name="agent">
        <method signature="AgentRegistrationTest.InvalidAgentRegistrationTest()[pri:0, instance:tests.AgentRegistrationTest@2631f68c]" name="InvalidAgentRegistrationTest" class="tests.AgentRegistrationTest"/>
      </group> <!-- agent -->
      <group name="career">
        <method signature="CareerPageTest.careerHiristLink()[pri:0, instance:tests.CareerPageTest@177bea38]" name="careerHiristLink" class="tests.CareerPageTest"/>
        <method signature="CareerPageTest.careerLinkedIn()[pri:0, instance:tests.CareerPageTest@177bea38]" name="careerLinkedIn" class="tests.CareerPageTest"/>
      </group> <!-- career -->
      <group name="rPool">
        <method signature="RPoolAppDownloadTest.androidAppLink()[pri:0, instance:tests.RPoolAppDownloadTest@1921ad94]" name="androidAppLink" class="tests.RPoolAppDownloadTest"/>
        <method signature="RPoolAppDownloadTest.iosAppLink()[pri:0, instance:tests.RPoolAppDownloadTest@1921ad94]" name="iosAppLink" class="tests.RPoolAppDownloadTest"/>
      </group> <!-- rPool -->
      <group name="social">
        <method signature="SocialMediaTest.fbCheck()[pri:0, instance:tests.SocialMediaTest@30af5b6b]" name="fbCheck" class="tests.SocialMediaTest"/>
        <method signature="SocialMediaTest.twitterCheck()[pri:0, instance:tests.SocialMediaTest@30af5b6b]" name="twitterCheck" class="tests.SocialMediaTest"/>
      </group> <!-- social -->
      <group name="privacy">
        <method signature="PrivacyLinkTest.privacyLinkTest()[pri:0, instance:tests.PrivacyLinkTest@1f010bf0]" name="privacyLinkTest" class="tests.PrivacyLinkTest"/>
      </group> <!-- privacy -->
      <group name="global">
        <method signature="GlobalSitesTest.ColombiaSiteTest()[pri:0, instance:tests.GlobalSitesTest@19b93fa8]" name="ColombiaSiteTest" class="tests.GlobalSitesTest"/>
        <method signature="GlobalSitesTest.SingaporeSiteTest()[pri:0, instance:tests.GlobalSitesTest@19b93fa8]" name="SingaporeSiteTest" class="tests.GlobalSitesTest"/>
      </group> <!-- global -->
      <group name="login">
        <method signature="LoginTest.InvalidLogin()[pri:0, instance:tests.LoginTest@ee86bcb]" name="InvalidLogin" class="tests.LoginTest"/>
        <method signature="LoginTest.ValidLogin()[pri:0, instance:tests.LoginTest@ee86bcb]" name="ValidLogin" class="tests.LoginTest"/>
      </group> <!-- login -->
      <group name="search">
        <method signature="HomePageSearchTest.busTicketPageMenuTest()[pri:0, instance:tests.HomePageSearchTest@7f132176]" name="busTicketPageMenuTest" class="tests.HomePageSearchTest"/>
        <method signature="HomePageSearchTest.homePageSearchTest()[pri:0, instance:tests.HomePageSearchTest@7f132176]" name="homePageSearchTest" class="tests.HomePageSearchTest"/>
        <method signature="HomePageSearchTest.modifySearch()[pri:0, instance:tests.HomePageSearchTest@7f132176]" name="modifySearch" class="tests.HomePageSearchTest"/>
        <method signature="OperatorSearch.OperatorSearchBus()[pri:0, instance:tests.OperatorSearch@8ad6665]" name="OperatorSearchBus" class="tests.OperatorSearch"/>
        <method signature="OperatorSearch.OperatorSearchBusDifferentName()[pri:0, instance:tests.OperatorSearch@8ad6665]" name="OperatorSearchBusDifferentName" class="tests.OperatorSearch"/>
      </group> <!-- search -->
      <group name="busHire">
        <method signature="BusHireTest.busHire()[pri:0, instance:tests.BusHireTest@7e6ef134]" name="busHire" class="tests.BusHireTest"/>
      </group> <!-- busHire -->
      <group name="contact">
        <method signature="ContactUsTest.ContactUsPhone()[pri:0, instance:tests.ContactUsTest@6bca7e0d]" name="ContactUsPhone" class="tests.ContactUsTest"/>
        <method signature="ContactUsTest.Support()[pri:0, instance:tests.ContactUsTest@6bca7e0d]" name="Support" class="tests.ContactUsTest"/>
      </group> <!-- contact -->
      <group name="faq">
        <method signature="FAQTest.FaqPageTest()[pri:0, instance:tests.FAQTest@40db2a24]" name="FaqPageTest" class="tests.FAQTest"/>
      </group> <!-- faq -->
      <group name="manage_booking">
        <method signature="ManageBookingTest.InvalidCancelTicket()[pri:0, instance:tests.ManageBookingTest@6ed3f258]" name="InvalidCancelTicket" class="tests.ManageBookingTest"/>
        <method signature="ManageBookingTest.InvalidEmailSms()[pri:0, instance:tests.ManageBookingTest@6ed3f258]" name="InvalidEmailSms" class="tests.ManageBookingTest"/>
        <method signature="ManageBookingTest.InvalidShowMyTicket()[pri:0, instance:tests.ManageBookingTest@6ed3f258]" name="InvalidShowMyTicket" class="tests.ManageBookingTest"/>
        <method signature="ManageBookingTest.InvalidchangeTravelDate()[pri:0, instance:tests.ManageBookingTest@6ed3f258]" name="InvalidchangeTravelDate" class="tests.ManageBookingTest"/>
      </group> <!-- manage_booking -->
    </groups>
    <test started-at="2021-07-01T20:50:12Z" name="Test" finished-at="2021-07-01T20:52:40Z" duration-ms="147891">
      <class name="tests.LoginTest">
        <test-method is-config="true" signature="intializeWebdriver()[pri:0, instance:tests.LoginTest@ee86bcb]" started-at="2021-07-01T20:51:32Z" name="intializeWebdriver" finished-at="2021-07-01T20:51:33Z" duration-ms="1548" status="PASS">
          <reporter-output>
          </reporter-output>
        </test-method> <!-- intializeWebdriver -->
        <test-method is-config="true" signature="openBrowser()[pri:0, instance:tests.LoginTest@ee86bcb]" started-at="2021-07-01T20:51:33Z" name="openBrowser" finished-at="2021-07-01T20:51:37Z" duration-ms="3499" status="PASS">
          <reporter-output>
          </reporter-output>
        </test-method> <!-- openBrowser -->
        <test-method signature="InvalidLogin()[pri:0, instance:tests.LoginTest@ee86bcb]" started-at="2021-07-01T20:51:37Z" name="InvalidLogin" finished-at="2021-07-01T20:51:38Z" duration-ms="1323" status="FAIL">
          <exception class="org.openqa.selenium.ElementClickInterceptedException">
            <message>
              <![CDATA[element click intercepted: Element is not clickable at point (1161, 32)
  (Session info: headless chrome=91.0.4472.124)
Build info: version: '3.141.59', revision: 'e82be7d358', time: '2018-11-14T08:17:03'
System info: host: 'ROHANCHOUDHARY1', ip: '192.168.0.106', os.name: 'Windows 10', os.arch: 'amd64', os.version: '10.0', java.version: '15.0.2'
Driver info: org.openqa.selenium.chrome.ChromeDriver
Capabilities {acceptInsecureCerts: false, browserName: chrome, browserVersion: 91.0.4472.124, chrome: {chromedriverVersion: 91.0.4472.19 (1bf021f248676..., userDataDir: C:\Users\ROHANC~1\AppData\L...}, goog:chromeOptions: {debuggerAddress: localhost:52471}, javascriptEnabled: true, networkConnectionEnabled: false, pageLoadStrategy: normal, platform: WINDOWS, platformName: WINDOWS, proxy: Proxy(), setWindowRect: true, strictFileInteractability: false, timeouts: {implicit: 0, pageLoad: 300000, script: 30000}, unhandledPromptBehavior: dismiss and notify, webauthn:extension:largeBlob: true, webauthn:virtualAuthenticators: true}
Session ID: 8164987b122ead48a52e6e34bcf975a2]]>
            </message>
            <full-stacktrace>
              <![CDATA[org.openqa.selenium.ElementClickInterceptedException: element click intercepted: Element is not clickable at point (1161, 32)
  (Session info: headless chrome=91.0.4472.124)
Build info: version: '3.141.59', revision: 'e82be7d358', time: '2018-11-14T08:17:03'
System info: host: 'ROHANCHOUDHARY1', ip: '192.168.0.106', os.name: 'Windows 10', os.arch: 'amd64', os.version: '10.0', java.version: '15.0.2'
Driver info: org.openqa.selenium.chrome.ChromeDriver
Capabilities {acceptInsecureCerts: false, browserName: chrome, browserVersion: 91.0.4472.124, chrome: {chromedriverVersion: 91.0.4472.19 (1bf021f248676..., userDataDir: C:\Users\ROHANC~1\AppData\L...}, goog:chromeOptions: {debuggerAddress: localhost:52471}, javascriptEnabled: true, networkConnectionEnabled: false, pageLoadStrategy: normal, platform: WINDOWS, platformName: WINDOWS, proxy: Proxy(), setWindowRect: true, strictFileInteractability: false, timeouts: {implicit: 0, pageLoad: 300000, script: 30000}, unhandledPromptBehavior: dismiss and notify, webauthn:extension:largeBlob: true, webauthn:virtualAuthenticators: true}
Session ID: 8164987b122ead48a52e6e34bcf975a2
at java.base/jdk.internal.reflect.NativeConstructorAccessorImpl.newInstance0(Native Method)
at java.base/jdk.internal.reflect.NativeConstructorAccessorImpl.newInstance(NativeConstructorAccessorImpl.java:64)
at java.base/jdk.internal.reflect.DelegatingConstructorAccessorImpl.newInstance(DelegatingConstructorAccessorImpl.java:45)
at java.base/java.lang.reflect.Constructor.newInstanceWithCaller(Constructor.java:500)
at java.base/java.lang.reflect.Constructor.newInstance(Constructor.java:481)
at org.openqa.selenium.remote.http.W3CHttpResponseCodec.createException(W3CHttpResponseCodec.java:187)
at org.openqa.selenium.remote.http.W3CHttpResponseCodec.decode(W3CHttpResponseCodec.java:122)
at org.openqa.selenium.remote.http.W3CHttpResponseCodec.decode(W3CHttpResponseCodec.java:49)
at org.openqa.selenium.remote.HttpCommandExecutor.execute(HttpCommandExecutor.java:158)
at org.openqa.selenium.remote.service.DriverCommandExecutor.execute(DriverCommandExecutor.java:83)
at org.openqa.selenium.remote.RemoteWebDriver.execute(RemoteWebDriver.java:552)
at org.openqa.selenium.remote.RemoteWebElement.execute(RemoteWebElement.java:285)
at org.openqa.selenium.remote.RemoteWebElement.click(RemoteWebElement.java:84)
at jdk.internal.reflect.GeneratedMethodAccessor6.invoke(Unknown Source)
at java.base/jdk.internal.reflect.DelegatingMethodAccessorImpl.invoke(DelegatingMethodAccessorImpl.java:43)
at java.base/java.lang.reflect.Method.invoke(Method.java:564)
at org.openqa.selenium.support.pagefactory.internal.LocatingElementHandler.invoke(LocatingElementHandler.java:51)
at com.sun.proxy.$Proxy15.click(Unknown Source)
at pages.LoginPage.clickSignIn(LoginPage.java:37)
at tests.LoginTest.InvalidLogin(LoginTest.java:31)
at java.base/jdk.internal.reflect.NativeMethodAccessorImpl.invoke0(Native Method)
at java.base/jdk.internal.reflect.NativeMethodAccessorImpl.invoke(NativeMethodAccessorImpl.java:64)
at java.base/jdk.internal.reflect.DelegatingMethodAccessorImpl.invoke(DelegatingMethodAccessorImpl.java:43)
at java.base/java.lang.reflect.Method.invoke(Method.java:564)
at org.testng.internal.MethodInvocationHelper.invokeMethod(MethodInvocationHelper.java:124)
at org.testng.internal.Invoker.invokeMethod(Invoker.java:583)
at org.testng.internal.Invoker.invokeTestMethod(Invoker.java:719)
at org.testng.internal.Invoker.invokeTestMethods(Invoker.java:989)
at org.testng.internal.TestMethodWorker.invokeTestMethods(TestMethodWorker.java:125)
at org.testng.internal.TestMethodWorker.run(TestMethodWorker.java:109)
at org.testng.TestRunner.privateRun(TestRunner.java:648)
at org.testng.TestRunner.run(TestRunner.java:505)
at org.testng.SuiteRunner.runTest(SuiteRunner.java:455)
at org.testng.SuiteRunner.runSequentially(SuiteRunner.java:450)
at org.testng.SuiteRunner.privateRun(SuiteRunner.java:415)
at org.testng.SuiteRunner.run(SuiteRunner.java:364)
at org.testng.SuiteRunnerWorker.runSuite(SuiteRunnerWorker.java:52)
at org.testng.SuiteRunnerWorker.run(SuiteRunnerWorker.java:84)
at org.testng.TestNG.runSuitesSequentially(TestNG.java:1208)
at org.testng.TestNG.runSuitesLocally(TestNG.java:1137)
at org.testng.TestNG.runSuites(TestNG.java:1049)
at org.testng.TestNG.run(TestNG.java:1017)
at org.testng.remote.AbstractRemoteTestNG.run(AbstractRemoteTestNG.java:115)
at org.testng.remote.RemoteTestNG.initAndRun(RemoteTestNG.java:251)
at org.testng.remote.RemoteTestNG.main(RemoteTestNG.java:77)
]]>
            </full-stacktrace>
          </exception> <!-- org.openqa.selenium.ElementClickInterceptedException -->
          <reporter-output>
          </reporter-output>
        </test-method> <!-- InvalidLogin -->
        <test-method is-config="true" signature="Logger(org.testng.ITestResult)[pri:0, instance:tests.LoginTest@ee86bcb]" started-at="2021-07-01T20:51:38Z" name="Logger" finished-at="2021-07-01T20:51:38Z" duration-ms="1" status="PASS">
          <params>
            <param index="0">
              <value>
                <![CDATA[[TestResult name=InvalidLogin status=FAILURE method=LoginTest.InvalidLogin()[pri:0, instance:tests.LoginTest@ee86bcb] output={null}]]]>
              </value>
            </param>
          </params>
          <reporter-output>
          </reporter-output>
        </test-method> <!-- Logger -->
        <test-method is-config="true" signature="attachScreenShot(org.testng.ITestResult)[pri:0, instance:tests.LoginTest@ee86bcb]" started-at="2021-07-01T20:51:38Z" name="attachScreenShot" finished-at="2021-07-01T20:51:38Z" duration-ms="311" status="PASS">
          <params>
            <param index="0">
              <value>
                <![CDATA[[TestResult name=InvalidLogin status=FAILURE method=LoginTest.InvalidLogin()[pri:0, instance:tests.LoginTest@ee86bcb] output={null}]]]>
              </value>
            </param>
          </params>
          <reporter-output>
          </reporter-output>
        </test-method> <!-- attachScreenShot -->
        <test-method is-config="true" signature="closeBrowser()[pri:0, instance:tests.LoginTest@ee86bcb]" started-at="2021-07-01T20:51:38Z" name="closeBrowser" finished-at="2021-07-01T20:51:39Z" duration-ms="648" status="PASS">
          <reporter-output>
          </reporter-output>
        </test-method> <!-- closeBrowser -->
        <test-method is-config="true" signature="intializeWebdriver()[pri:0, instance:tests.LoginTest@ee86bcb]" started-at="2021-07-01T20:51:39Z" name="intializeWebdriver" finished-at="2021-07-01T20:51:41Z" duration-ms="1478" status="PASS">
          <reporter-output>
          </reporter-output>
        </test-method> <!-- intializeWebdriver -->
        <test-method is-config="true" signature="openBrowser()[pri:0, instance:tests.LoginTest@ee86bcb]" started-at="2021-07-01T20:51:41Z" name="openBrowser" finished-at="2021-07-01T20:51:44Z" duration-ms="3358" status="PASS">
          <reporter-output>
          </reporter-output>
        </test-method> <!-- openBrowser -->
        <test-method signature="ValidLogin()[pri:0, instance:tests.LoginTest@ee86bcb]" started-at="2021-07-01T20:51:44Z" name="ValidLogin" finished-at="2021-07-01T20:51:45Z" duration-ms="1304" status="FAIL">
          <exception class="org.openqa.selenium.ElementClickInterceptedException">
            <message>
              <![CDATA[element click intercepted: Element is not clickable at point (1161, 32)
  (Session info: headless chrome=91.0.4472.124)
Build info: version: '3.141.59', revision: 'e82be7d358', time: '2018-11-14T08:17:03'
System info: host: 'ROHANCHOUDHARY1', ip: '192.168.0.106', os.name: 'Windows 10', os.arch: 'amd64', os.version: '10.0', java.version: '15.0.2'
Driver info: org.openqa.selenium.chrome.ChromeDriver
Capabilities {acceptInsecureCerts: false, browserName: chrome, browserVersion: 91.0.4472.124, chrome: {chromedriverVersion: 91.0.4472.19 (1bf021f248676..., userDataDir: C:\Users\ROHANC~1\AppData\L...}, goog:chromeOptions: {debuggerAddress: localhost:54872}, javascriptEnabled: true, networkConnectionEnabled: false, pageLoadStrategy: normal, platform: WINDOWS, platformName: WINDOWS, proxy: Proxy(), setWindowRect: true, strictFileInteractability: false, timeouts: {implicit: 0, pageLoad: 300000, script: 30000}, unhandledPromptBehavior: dismiss and notify, webauthn:extension:largeBlob: true, webauthn:virtualAuthenticators: true}
Session ID: dadf48bed82c781016c0704cdeb43789]]>
            </message>
            <full-stacktrace>
              <![CDATA[org.openqa.selenium.ElementClickInterceptedException: element click intercepted: Element is not clickable at point (1161, 32)
  (Session info: headless chrome=91.0.4472.124)
Build info: version: '3.141.59', revision: 'e82be7d358', time: '2018-11-14T08:17:03'
System info: host: 'ROHANCHOUDHARY1', ip: '192.168.0.106', os.name: 'Windows 10', os.arch: 'amd64', os.version: '10.0', java.version: '15.0.2'
Driver info: org.openqa.selenium.chrome.ChromeDriver
Capabilities {acceptInsecureCerts: false, browserName: chrome, browserVersion: 91.0.4472.124, chrome: {chromedriverVersion: 91.0.4472.19 (1bf021f248676..., userDataDir: C:\Users\ROHANC~1\AppData\L...}, goog:chromeOptions: {debuggerAddress: localhost:54872}, javascriptEnabled: true, networkConnectionEnabled: false, pageLoadStrategy: normal, platform: WINDOWS, platformName: WINDOWS, proxy: Proxy(), setWindowRect: true, strictFileInteractability: false, timeouts: {implicit: 0, pageLoad: 300000, script: 30000}, unhandledPromptBehavior: dismiss and notify, webauthn:extension:largeBlob: true, webauthn:virtualAuthenticators: true}
Session ID: dadf48bed82c781016c0704cdeb43789
at java.base/jdk.internal.reflect.NativeConstructorAccessorImpl.newInstance0(Native Method)
at java.base/jdk.internal.reflect.NativeConstructorAccessorImpl.newInstance(NativeConstructorAccessorImpl.java:64)
at java.base/jdk.internal.reflect.DelegatingConstructorAccessorImpl.newInstance(DelegatingConstructorAccessorImpl.java:45)
at java.base/java.lang.reflect.Constructor.newInstanceWithCaller(Constructor.java:500)
at java.base/java.lang.reflect.Constructor.newInstance(Constructor.java:481)
at org.openqa.selenium.remote.http.W3CHttpResponseCodec.createException(W3CHttpResponseCodec.java:187)
at org.openqa.selenium.remote.http.W3CHttpResponseCodec.decode(W3CHttpResponseCodec.java:122)
at org.openqa.selenium.remote.http.W3CHttpResponseCodec.decode(W3CHttpResponseCodec.java:49)
at org.openqa.selenium.remote.HttpCommandExecutor.execute(HttpCommandExecutor.java:158)
at org.openqa.selenium.remote.service.DriverCommandExecutor.execute(DriverCommandExecutor.java:83)
at org.openqa.selenium.remote.RemoteWebDriver.execute(RemoteWebDriver.java:552)
at org.openqa.selenium.remote.RemoteWebElement.execute(RemoteWebElement.java:285)
at org.openqa.selenium.remote.RemoteWebElement.click(RemoteWebElement.java:84)
at jdk.internal.reflect.GeneratedMethodAccessor6.invoke(Unknown Source)
at java.base/jdk.internal.reflect.DelegatingMethodAccessorImpl.invoke(DelegatingMethodAccessorImpl.java:43)
at java.base/java.lang.reflect.Method.invoke(Method.java:564)
at org.openqa.selenium.support.pagefactory.internal.LocatingElementHandler.invoke(LocatingElementHandler.java:51)
at com.sun.proxy.$Proxy15.click(Unknown Source)
at pages.LoginPage.clickSignIn(LoginPage.java:37)
at tests.LoginTest.ValidLogin(LoginTest.java:19)
at java.base/jdk.internal.reflect.NativeMethodAccessorImpl.invoke0(Native Method)
at java.base/jdk.internal.reflect.NativeMethodAccessorImpl.invoke(NativeMethodAccessorImpl.java:64)
at java.base/jdk.internal.reflect.DelegatingMethodAccessorImpl.invoke(DelegatingMethodAccessorImpl.java:43)
at java.base/java.lang.reflect.Method.invoke(Method.java:564)
at org.testng.internal.MethodInvocationHelper.invokeMethod(MethodInvocationHelper.java:124)
at org.testng.internal.Invoker.invokeMethod(Invoker.java:583)
at org.testng.internal.Invoker.invokeTestMethod(Invoker.java:719)
at org.testng.internal.Invoker.invokeTestMethods(Invoker.java:989)
at org.testng.internal.TestMethodWorker.invokeTestMethods(TestMethodWorker.java:125)
at org.testng.internal.TestMethodWorker.run(TestMethodWorker.java:109)
at org.testng.TestRunner.privateRun(TestRunner.java:648)
at org.testng.TestRunner.run(TestRunner.java:505)
at org.testng.SuiteRunner.runTest(SuiteRunner.java:455)
at org.testng.SuiteRunner.runSequentially(SuiteRunner.java:450)
at org.testng.SuiteRunner.privateRun(SuiteRunner.java:415)
at org.testng.SuiteRunner.run(SuiteRunner.java:364)
at org.testng.SuiteRunnerWorker.runSuite(SuiteRunnerWorker.java:52)
at org.testng.SuiteRunnerWorker.run(SuiteRunnerWorker.java:84)
at org.testng.TestNG.runSuitesSequentially(TestNG.java:1208)
at org.testng.TestNG.runSuitesLocally(TestNG.java:1137)
at org.testng.TestNG.runSuites(TestNG.java:1049)
at org.testng.TestNG.run(TestNG.java:1017)
at org.testng.remote.AbstractRemoteTestNG.run(AbstractRemoteTestNG.java:115)
at org.testng.remote.RemoteTestNG.initAndRun(RemoteTestNG.java:251)
at org.testng.remote.RemoteTestNG.main(RemoteTestNG.java:77)
]]>
            </full-stacktrace>
          </exception> <!-- org.openqa.selenium.ElementClickInterceptedException -->
          <reporter-output>
          </reporter-output>
        </test-method> <!-- ValidLogin -->
        <test-method is-config="true" signature="Logger(org.testng.ITestResult)[pri:0, instance:tests.LoginTest@ee86bcb]" started-at="2021-07-01T20:51:45Z" name="Logger" finished-at="2021-07-01T20:51:45Z" duration-ms="2" status="PASS">
          <params>
            <param index="0">
              <value>
                <![CDATA[[TestResult name=ValidLogin status=FAILURE method=LoginTest.ValidLogin()[pri:0, instance:tests.LoginTest@ee86bcb] output={null}]]]>
              </value>
            </param>
          </params>
          <reporter-output>
          </reporter-output>
        </test-method> <!-- Logger -->
        <test-method is-config="true" signature="attachScreenShot(org.testng.ITestResult)[pri:0, instance:tests.LoginTest@ee86bcb]" started-at="2021-07-01T20:51:45Z" name="attachScreenShot" finished-at="2021-07-01T20:51:46Z" duration-ms="302" status="PASS">
          <params>
            <param index="0">
              <value>
                <![CDATA[[TestResult name=ValidLogin status=FAILURE method=LoginTest.ValidLogin()[pri:0, instance:tests.LoginTest@ee86bcb] output={null}]]]>
              </value>
            </param>
          </params>
          <reporter-output>
          </reporter-output>
        </test-method> <!-- attachScreenShot -->
        <test-method is-config="true" signature="closeBrowser()[pri:0, instance:tests.LoginTest@ee86bcb]" started-at="2021-07-01T20:51:46Z" name="closeBrowser" finished-at="2021-07-01T20:51:46Z" duration-ms="620" status="PASS">
          <reporter-output>
          </reporter-output>
        </test-method> <!-- closeBrowser -->
      </class> <!-- tests.LoginTest -->
      <class name="tests.HomePageSearchTest">
        <test-method is-config="true" signature="intializeWebdriver()[pri:0, instance:tests.HomePageSearchTest@7f132176]" started-at="2021-07-01T20:50:47Z" name="intializeWebdriver" finished-at="2021-07-01T20:50:49Z" duration-ms="1355" status="PASS">
          <reporter-output>
          </reporter-output>
        </test-method> <!-- intializeWebdriver -->
        <test-method is-config="true" signature="openBrowser()[pri:0, instance:tests.HomePageSearchTest@7f132176]" started-at="2021-07-01T20:50:49Z" name="openBrowser" finished-at="2021-07-01T20:50:52Z" duration-ms="3074" status="PASS">
          <reporter-output>
          </reporter-output>
        </test-method> <!-- openBrowser -->
        <test-method signature="modifySearch()[pri:0, instance:tests.HomePageSearchTest@7f132176]" started-at="2021-07-01T20:50:52Z" name="modifySearch" finished-at="2021-07-01T20:51:04Z" duration-ms="11913" status="PASS">
          <reporter-output>
          </reporter-output>
        </test-method> <!-- modifySearch -->
        <test-method is-config="true" signature="Logger(org.testng.ITestResult)[pri:0, instance:tests.HomePageSearchTest@7f132176]" started-at="2021-07-01T20:51:04Z" name="Logger" finished-at="2021-07-01T20:51:04Z" duration-ms="2" status="PASS">
          <params>
            <param index="0">
              <value>
                <![CDATA[[TestResult name=modifySearch status=SUCCESS method=HomePageSearchTest.modifySearch()[pri:0, instance:tests.HomePageSearchTest@7f132176] output={null}]]]>
              </value>
            </param>
          </params>
          <reporter-output>
          </reporter-output>
        </test-method> <!-- Logger -->
        <test-method is-config="true" signature="attachScreenShot(org.testng.ITestResult)[pri:0, instance:tests.HomePageSearchTest@7f132176]" started-at="2021-07-01T20:51:04Z" name="attachScreenShot" finished-at="2021-07-01T20:51:04Z" duration-ms="1" status="PASS">
          <params>
            <param index="0">
              <value>
                <![CDATA[[TestResult name=modifySearch status=SUCCESS method=HomePageSearchTest.modifySearch()[pri:0, instance:tests.HomePageSearchTest@7f132176] output={null}]]]>
              </value>
            </param>
          </params>
          <reporter-output>
          </reporter-output>
        </test-method> <!-- attachScreenShot -->
        <test-method is-config="true" signature="closeBrowser()[pri:0, instance:tests.HomePageSearchTest@7f132176]" started-at="2021-07-01T20:51:04Z" name="closeBrowser" finished-at="2021-07-01T20:51:04Z" duration-ms="829" status="PASS">
          <reporter-output>
          </reporter-output>
        </test-method> <!-- closeBrowser -->
      </class> <!-- tests.HomePageSearchTest -->
      <class name="tests.PrivacyLinkTest">
        <test-method is-config="true" signature="intializeWebdriver()[pri:0, instance:tests.PrivacyLinkTest@1f010bf0]" started-at="2021-07-01T20:50:14Z" name="intializeWebdriver" finished-at="2021-07-01T20:50:16Z" duration-ms="2073" status="PASS">
          <reporter-output>
          </reporter-output>
        </test-method> <!-- intializeWebdriver -->
        <test-method is-config="true" signature="openBrowser()[pri:0, instance:tests.PrivacyLinkTest@1f010bf0]" started-at="2021-07-01T20:50:16Z" name="openBrowser" finished-at="2021-07-01T20:50:19Z" duration-ms="3006" status="PASS">
          <reporter-output>
          </reporter-output>
        </test-method> <!-- openBrowser -->
        <test-method signature="privacyLinkTest()[pri:0, instance:tests.PrivacyLinkTest@1f010bf0]" started-at="2021-07-01T20:50:19Z" name="privacyLinkTest" finished-at="2021-07-01T20:50:21Z" duration-ms="2342" status="PASS">
          <reporter-output>
          </reporter-output>
        </test-method> <!-- privacyLinkTest -->
        <test-method is-config="true" signature="Logger(org.testng.ITestResult)[pri:0, instance:tests.PrivacyLinkTest@1f010bf0]" started-at="2021-07-01T20:50:21Z" name="Logger" finished-at="2021-07-01T20:50:21Z" duration-ms="6" status="PASS">
          <params>
            <param index="0">
              <value>
                <![CDATA[[TestResult name=privacyLinkTest status=SUCCESS method=PrivacyLinkTest.privacyLinkTest()[pri:0, instance:tests.PrivacyLinkTest@1f010bf0] output={null}]]]>
              </value>
            </param>
          </params>
          <reporter-output>
          </reporter-output>
        </test-method> <!-- Logger -->
        <test-method is-config="true" signature="attachScreenShot(org.testng.ITestResult)[pri:0, instance:tests.PrivacyLinkTest@1f010bf0]" started-at="2021-07-01T20:50:21Z" name="attachScreenShot" finished-at="2021-07-01T20:50:21Z" duration-ms="6" status="PASS">
          <params>
            <param index="0">
              <value>
                <![CDATA[[TestResult name=privacyLinkTest status=SUCCESS method=PrivacyLinkTest.privacyLinkTest()[pri:0, instance:tests.PrivacyLinkTest@1f010bf0] output={null}]]]>
              </value>
            </param>
          </params>
          <reporter-output>
          </reporter-output>
        </test-method> <!-- attachScreenShot -->
        <test-method is-config="true" signature="closeBrowser()[pri:0, instance:tests.PrivacyLinkTest@1f010bf0]" started-at="2021-07-01T20:50:21Z" name="closeBrowser" finished-at="2021-07-01T20:50:22Z" duration-ms="739" status="PASS">
          <reporter-output>
          </reporter-output>
        </test-method> <!-- closeBrowser -->
      </class> <!-- tests.PrivacyLinkTest -->
      <class name="tests.RPoolAppDownloadTest">
        <test-method is-config="true" signature="intializeWebdriver()[pri:0, instance:tests.RPoolAppDownloadTest@1921ad94]" started-at="2021-07-01T20:50:22Z" name="intializeWebdriver" finished-at="2021-07-01T20:50:23Z" duration-ms="1284" status="PASS">
          <reporter-output>
          </reporter-output>
        </test-method> <!-- intializeWebdriver -->
        <test-method is-config="true" signature="openBrowser()[pri:0, instance:tests.RPoolAppDownloadTest@1921ad94]" started-at="2021-07-01T20:50:23Z" name="openBrowser" finished-at="2021-07-01T20:50:27Z" duration-ms="3418" status="PASS">
          <reporter-output>
          </reporter-output>
        </test-method> <!-- openBrowser -->
        <test-method signature="androidAppLink()[pri:0, instance:tests.RPoolAppDownloadTest@1921ad94]" started-at="2021-07-01T20:50:27Z" name="androidAppLink" finished-at="2021-07-01T20:50:32Z" duration-ms="5294" status="PASS">
          <reporter-output>
          </reporter-output>
        </test-method> <!-- androidAppLink -->
        <test-method is-config="true" signature="Logger(org.testng.ITestResult)[pri:0, instance:tests.RPoolAppDownloadTest@1921ad94]" started-at="2021-07-01T20:50:32Z" name="Logger" finished-at="2021-07-01T20:50:32Z" duration-ms="1" status="PASS">
          <params>
            <param index="0">
              <value>
                <![CDATA[[TestResult name=androidAppLink status=SUCCESS method=RPoolAppDownloadTest.androidAppLink()[pri:0, instance:tests.RPoolAppDownloadTest@1921ad94] output={null}]]]>
              </value>
            </param>
          </params>
          <reporter-output>
          </reporter-output>
        </test-method> <!-- Logger -->
        <test-method is-config="true" signature="closeBrowser()[pri:0, instance:tests.RPoolAppDownloadTest@1921ad94]" started-at="2021-07-01T20:50:32Z" name="closeBrowser" finished-at="2021-07-01T20:50:33Z" duration-ms="963" status="PASS">
          <reporter-output>
          </reporter-output>
        </test-method> <!-- closeBrowser -->
        <test-method is-config="true" signature="attachScreenShot(org.testng.ITestResult)[pri:0, instance:tests.RPoolAppDownloadTest@1921ad94]" started-at="2021-07-01T20:50:32Z" name="attachScreenShot" finished-at="2021-07-01T20:50:32Z" duration-ms="0" status="PASS">
          <params>
            <param index="0">
              <value>
                <![CDATA[[TestResult name=androidAppLink status=SUCCESS method=RPoolAppDownloadTest.androidAppLink()[pri:0, instance:tests.RPoolAppDownloadTest@1921ad94] output={null}]]]>
              </value>
            </param>
          </params>
          <reporter-output>
          </reporter-output>
        </test-method> <!-- attachScreenShot -->
        <test-method is-config="true" signature="intializeWebdriver()[pri:0, instance:tests.RPoolAppDownloadTest@1921ad94]" started-at="2021-07-01T20:50:33Z" name="intializeWebdriver" finished-at="2021-07-01T20:50:34Z" duration-ms="1442" status="PASS">
          <reporter-output>
          </reporter-output>
        </test-method> <!-- intializeWebdriver -->
        <test-method is-config="true" signature="openBrowser()[pri:0, instance:tests.RPoolAppDownloadTest@1921ad94]" started-at="2021-07-01T20:50:34Z" name="openBrowser" finished-at="2021-07-01T20:50:38Z" duration-ms="3397" status="PASS">
          <reporter-output>
          </reporter-output>
        </test-method> <!-- openBrowser -->
        <test-method signature="iosAppLink()[pri:0, instance:tests.RPoolAppDownloadTest@1921ad94]" started-at="2021-07-01T20:50:38Z" name="iosAppLink" finished-at="2021-07-01T20:50:46Z" duration-ms="8687" status="PASS">
          <reporter-output>
          </reporter-output>
        </test-method> <!-- iosAppLink -->
        <test-method is-config="true" signature="Logger(org.testng.ITestResult)[pri:0, instance:tests.RPoolAppDownloadTest@1921ad94]" started-at="2021-07-01T20:50:46Z" name="Logger" finished-at="2021-07-01T20:50:46Z" duration-ms="2" status="PASS">
          <params>
            <param index="0">
              <value>
                <![CDATA[[TestResult name=iosAppLink status=SUCCESS method=RPoolAppDownloadTest.iosAppLink()[pri:0, instance:tests.RPoolAppDownloadTest@1921ad94] output={null}]]]>
              </value>
            </param>
          </params>
          <reporter-output>
          </reporter-output>
        </test-method> <!-- Logger -->
        <test-method is-config="true" signature="closeBrowser()[pri:0, instance:tests.RPoolAppDownloadTest@1921ad94]" started-at="2021-07-01T20:50:46Z" name="closeBrowser" finished-at="2021-07-01T20:50:47Z" duration-ms="717" status="PASS">
          <reporter-output>
          </reporter-output>
        </test-method> <!-- closeBrowser -->
        <test-method is-config="true" signature="attachScreenShot(org.testng.ITestResult)[pri:0, instance:tests.RPoolAppDownloadTest@1921ad94]" started-at="2021-07-01T20:50:46Z" name="attachScreenShot" finished-at="2021-07-01T20:50:46Z" duration-ms="0" status="PASS">
          <params>
            <param index="0">
              <value>
                <![CDATA[[TestResult name=iosAppLink status=SUCCESS method=RPoolAppDownloadTest.iosAppLink()[pri:0, instance:tests.RPoolAppDownloadTest@1921ad94] output={null}]]]>
              </value>
            </param>
          </params>
          <reporter-output>
          </reporter-output>
        </test-method> <!-- attachScreenShot -->
      </class> <!-- tests.RPoolAppDownloadTest -->
      <class name="tests.OperatorSearch">
        <test-method is-config="true" signature="intializeWebdriver()[pri:0, instance:tests.OperatorSearch@8ad6665]" started-at="2021-07-01T20:51:46Z" name="intializeWebdriver" finished-at="2021-07-01T20:51:48Z" duration-ms="1493" status="PASS">
          <reporter-output>
          </reporter-output>
        </test-method> <!-- intializeWebdriver -->
        <test-method is-config="true" signature="openBrowser()[pri:0, instance:tests.OperatorSearch@8ad6665]" started-at="2021-07-01T20:51:48Z" name="openBrowser" finished-at="2021-07-01T20:51:51Z" duration-ms="3103" status="PASS">
          <reporter-output>
          </reporter-output>
        </test-method> <!-- openBrowser -->
        <test-method signature="OperatorSearchBus()[pri:0, instance:tests.OperatorSearch@8ad6665]" started-at="2021-07-01T20:51:51Z" name="OperatorSearchBus" finished-at="2021-07-01T20:52:02Z" duration-ms="11495" status="PASS">
          <reporter-output>
          </reporter-output>
        </test-method> <!-- OperatorSearchBus -->
        <test-method is-config="true" signature="Logger(org.testng.ITestResult)[pri:0, instance:tests.OperatorSearch@8ad6665]" started-at="2021-07-01T20:52:02Z" name="Logger" finished-at="2021-07-01T20:52:02Z" duration-ms="1" status="PASS">
          <params>
            <param index="0">
              <value>
                <![CDATA[[TestResult name=OperatorSearchBus status=SUCCESS method=OperatorSearch.OperatorSearchBus()[pri:0, instance:tests.OperatorSearch@8ad6665] output={null}]]]>
              </value>
            </param>
          </params>
          <reporter-output>
          </reporter-output>
        </test-method> <!-- Logger -->
        <test-method is-config="true" signature="attachScreenShot(org.testng.ITestResult)[pri:0, instance:tests.OperatorSearch@8ad6665]" started-at="2021-07-01T20:52:02Z" name="attachScreenShot" finished-at="2021-07-01T20:52:02Z" duration-ms="0" status="PASS">
          <params>
            <param index="0">
              <value>
                <![CDATA[[TestResult name=OperatorSearchBus status=SUCCESS method=OperatorSearch.OperatorSearchBus()[pri:0, instance:tests.OperatorSearch@8ad6665] output={null}]]]>
              </value>
            </param>
          </params>
          <reporter-output>
          </reporter-output>
        </test-method> <!-- attachScreenShot -->
        <test-method is-config="true" signature="closeBrowser()[pri:0, instance:tests.OperatorSearch@8ad6665]" started-at="2021-07-01T20:52:02Z" name="closeBrowser" finished-at="2021-07-01T20:52:03Z" duration-ms="796" status="PASS">
          <reporter-output>
          </reporter-output>
        </test-method> <!-- closeBrowser -->
        <test-method is-config="true" signature="intializeWebdriver()[pri:0, instance:tests.OperatorSearch@8ad6665]" started-at="2021-07-01T20:52:03Z" name="intializeWebdriver" finished-at="2021-07-01T20:52:04Z" duration-ms="1418" status="PASS">
          <reporter-output>
          </reporter-output>
        </test-method> <!-- intializeWebdriver -->
        <test-method is-config="true" signature="openBrowser()[pri:0, instance:tests.OperatorSearch@8ad6665]" started-at="2021-07-01T20:52:04Z" name="openBrowser" finished-at="2021-07-01T20:52:08Z" duration-ms="3176" status="PASS">
          <reporter-output>
          </reporter-output>
        </test-method> <!-- openBrowser -->
        <test-method signature="OperatorSearchBusDifferentName()[pri:0, instance:tests.OperatorSearch@8ad6665]" started-at="2021-07-01T20:52:08Z" name="OperatorSearchBusDifferentName" finished-at="2021-07-01T20:52:21Z" duration-ms="13547" status="PASS">
          <reporter-output>
          </reporter-output>
        </test-method> <!-- OperatorSearchBusDifferentName -->
        <test-method is-config="true" signature="Logger(org.testng.ITestResult)[pri:0, instance:tests.OperatorSearch@8ad6665]" started-at="2021-07-01T20:52:21Z" name="Logger" finished-at="2021-07-01T20:52:21Z" duration-ms="1" status="PASS">
          <params>
            <param index="0">
              <value>
                <![CDATA[[TestResult name=OperatorSearchBusDifferentName status=SUCCESS method=OperatorSearch.OperatorSearchBusDifferentName()[pri:0, instance:tests.OperatorSearch@8ad6665] output={null}]]]>
              </value>
            </param>
          </params>
          <reporter-output>
          </reporter-output>
        </test-method> <!-- Logger -->
        <test-method is-config="true" signature="attachScreenShot(org.testng.ITestResult)[pri:0, instance:tests.OperatorSearch@8ad6665]" started-at="2021-07-01T20:52:21Z" name="attachScreenShot" finished-at="2021-07-01T20:52:21Z" duration-ms="1" status="PASS">
          <params>
            <param index="0">
              <value>
                <![CDATA[[TestResult name=OperatorSearchBusDifferentName status=SUCCESS method=OperatorSearch.OperatorSearchBusDifferentName()[pri:0, instance:tests.OperatorSearch@8ad6665] output={null}]]]>
              </value>
            </param>
          </params>
          <reporter-output>
          </reporter-output>
        </test-method> <!-- attachScreenShot -->
        <test-method is-config="true" signature="closeBrowser()[pri:0, instance:tests.OperatorSearch@8ad6665]" started-at="2021-07-01T20:52:21Z" name="closeBrowser" finished-at="2021-07-01T20:52:22Z" duration-ms="851" status="PASS">
          <reporter-output>
          </reporter-output>
        </test-method> <!-- closeBrowser -->
      </class> <!-- tests.OperatorSearch -->
      <class name="tests.ManageBookingTest">
        <test-method is-config="true" signature="intializeWebdriver()[pri:0, instance:tests.ManageBookingTest@6ed3f258]" started-at="2021-07-01T20:51:04Z" name="intializeWebdriver" finished-at="2021-07-01T20:51:06Z" duration-ms="1360" status="PASS">
          <reporter-output>
          </reporter-output>
        </test-method> <!-- intializeWebdriver -->
        <test-method is-config="true" signature="openBrowser()[pri:0, instance:tests.ManageBookingTest@6ed3f258]" started-at="2021-07-01T20:51:06Z" name="openBrowser" finished-at="2021-07-01T20:51:09Z" duration-ms="3447" status="PASS">
          <reporter-output>
          </reporter-output>
        </test-method> <!-- openBrowser -->
        <test-method signature="InvalidCancelTicket()[pri:0, instance:tests.ManageBookingTest@6ed3f258]" started-at="2021-07-01T20:51:09Z" name="InvalidCancelTicket" finished-at="2021-07-01T20:51:10Z" duration-ms="1275" status="FAIL">
          <exception class="org.openqa.selenium.ElementClickInterceptedException">
            <message>
              <![CDATA[element click intercepted: Element is not clickable at point (1044, 29)
  (Session info: headless chrome=91.0.4472.124)
Build info: version: '3.141.59', revision: 'e82be7d358', time: '2018-11-14T08:17:03'
System info: host: 'ROHANCHOUDHARY1', ip: '192.168.0.106', os.name: 'Windows 10', os.arch: 'amd64', os.version: '10.0', java.version: '15.0.2'
Driver info: org.openqa.selenium.chrome.ChromeDriver
Capabilities {acceptInsecureCerts: false, browserName: chrome, browserVersion: 91.0.4472.124, chrome: {chromedriverVersion: 91.0.4472.19 (1bf021f248676..., userDataDir: C:\Users\ROHANC~1\AppData\L...}, goog:chromeOptions: {debuggerAddress: localhost:56827}, javascriptEnabled: true, networkConnectionEnabled: false, pageLoadStrategy: normal, platform: WINDOWS, platformName: WINDOWS, proxy: Proxy(), setWindowRect: true, strictFileInteractability: false, timeouts: {implicit: 0, pageLoad: 300000, script: 30000}, unhandledPromptBehavior: dismiss and notify, webauthn:extension:largeBlob: true, webauthn:virtualAuthenticators: true}
Session ID: 3db7be0cc3a78bbcc6c40f88381ff13f]]>
            </message>
            <full-stacktrace>
              <![CDATA[org.openqa.selenium.ElementClickInterceptedException: element click intercepted: Element is not clickable at point (1044, 29)
  (Session info: headless chrome=91.0.4472.124)
Build info: version: '3.141.59', revision: 'e82be7d358', time: '2018-11-14T08:17:03'
System info: host: 'ROHANCHOUDHARY1', ip: '192.168.0.106', os.name: 'Windows 10', os.arch: 'amd64', os.version: '10.0', java.version: '15.0.2'
Driver info: org.openqa.selenium.chrome.ChromeDriver
Capabilities {acceptInsecureCerts: false, browserName: chrome, browserVersion: 91.0.4472.124, chrome: {chromedriverVersion: 91.0.4472.19 (1bf021f248676..., userDataDir: C:\Users\ROHANC~1\AppData\L...}, goog:chromeOptions: {debuggerAddress: localhost:56827}, javascriptEnabled: true, networkConnectionEnabled: false, pageLoadStrategy: normal, platform: WINDOWS, platformName: WINDOWS, proxy: Proxy(), setWindowRect: true, strictFileInteractability: false, timeouts: {implicit: 0, pageLoad: 300000, script: 30000}, unhandledPromptBehavior: dismiss and notify, webauthn:extension:largeBlob: true, webauthn:virtualAuthenticators: true}
Session ID: 3db7be0cc3a78bbcc6c40f88381ff13f
at java.base/jdk.internal.reflect.NativeConstructorAccessorImpl.newInstance0(Native Method)
at java.base/jdk.internal.reflect.NativeConstructorAccessorImpl.newInstance(NativeConstructorAccessorImpl.java:64)
at java.base/jdk.internal.reflect.DelegatingConstructorAccessorImpl.newInstance(DelegatingConstructorAccessorImpl.java:45)
at java.base/java.lang.reflect.Constructor.newInstanceWithCaller(Constructor.java:500)
at java.base/java.lang.reflect.Constructor.newInstance(Constructor.java:481)
at org.openqa.selenium.remote.http.W3CHttpResponseCodec.createException(W3CHttpResponseCodec.java:187)
at org.openqa.selenium.remote.http.W3CHttpResponseCodec.decode(W3CHttpResponseCodec.java:122)
at org.openqa.selenium.remote.http.W3CHttpResponseCodec.decode(W3CHttpResponseCodec.java:49)
at org.openqa.selenium.remote.HttpCommandExecutor.execute(HttpCommandExecutor.java:158)
at org.openqa.selenium.remote.service.DriverCommandExecutor.execute(DriverCommandExecutor.java:83)
at org.openqa.selenium.remote.RemoteWebDriver.execute(RemoteWebDriver.java:552)
at org.openqa.selenium.remote.RemoteWebElement.execute(RemoteWebElement.java:285)
at org.openqa.selenium.remote.RemoteWebElement.click(RemoteWebElement.java:84)
at java.base/jdk.internal.reflect.NativeMethodAccessorImpl.invoke0(Native Method)
at java.base/jdk.internal.reflect.NativeMethodAccessorImpl.invoke(NativeMethodAccessorImpl.java:64)
at java.base/jdk.internal.reflect.DelegatingMethodAccessorImpl.invoke(DelegatingMethodAccessorImpl.java:43)
at java.base/java.lang.reflect.Method.invoke(Method.java:564)
at org.openqa.selenium.support.pagefactory.internal.LocatingElementHandler.invoke(LocatingElementHandler.java:51)
at com.sun.proxy.$Proxy15.click(Unknown Source)
at pages.ManageBookingMenu.cancel(ManageBookingMenu.java:85)
at tests.ManageBookingTest.InvalidCancelTicket(ManageBookingTest.java:44)
at java.base/jdk.internal.reflect.NativeMethodAccessorImpl.invoke0(Native Method)
at java.base/jdk.internal.reflect.NativeMethodAccessorImpl.invoke(NativeMethodAccessorImpl.java:64)
at java.base/jdk.internal.reflect.DelegatingMethodAccessorImpl.invoke(DelegatingMethodAccessorImpl.java:43)
at java.base/java.lang.reflect.Method.invoke(Method.java:564)
at org.testng.internal.MethodInvocationHelper.invokeMethod(MethodInvocationHelper.java:124)
at org.testng.internal.Invoker.invokeMethod(Invoker.java:583)
at org.testng.internal.Invoker.invokeTestMethod(Invoker.java:719)
at org.testng.internal.Invoker.invokeTestMethods(Invoker.java:989)
at org.testng.internal.TestMethodWorker.invokeTestMethods(TestMethodWorker.java:125)
at org.testng.internal.TestMethodWorker.run(TestMethodWorker.java:109)
at org.testng.TestRunner.privateRun(TestRunner.java:648)
at org.testng.TestRunner.run(TestRunner.java:505)
at org.testng.SuiteRunner.runTest(SuiteRunner.java:455)
at org.testng.SuiteRunner.runSequentially(SuiteRunner.java:450)
at org.testng.SuiteRunner.privateRun(SuiteRunner.java:415)
at org.testng.SuiteRunner.run(SuiteRunner.java:364)
at org.testng.SuiteRunnerWorker.runSuite(SuiteRunnerWorker.java:52)
at org.testng.SuiteRunnerWorker.run(SuiteRunnerWorker.java:84)
at org.testng.TestNG.runSuitesSequentially(TestNG.java:1208)
at org.testng.TestNG.runSuitesLocally(TestNG.java:1137)
at org.testng.TestNG.runSuites(TestNG.java:1049)
at org.testng.TestNG.run(TestNG.java:1017)
at org.testng.remote.AbstractRemoteTestNG.run(AbstractRemoteTestNG.java:115)
at org.testng.remote.RemoteTestNG.initAndRun(RemoteTestNG.java:251)
at org.testng.remote.RemoteTestNG.main(RemoteTestNG.java:77)
]]>
            </full-stacktrace>
          </exception> <!-- org.openqa.selenium.ElementClickInterceptedException -->
          <reporter-output>
          </reporter-output>
        </test-method> <!-- InvalidCancelTicket -->
        <test-method is-config="true" signature="Logger(org.testng.ITestResult)[pri:0, instance:tests.ManageBookingTest@6ed3f258]" started-at="2021-07-01T20:51:10Z" name="Logger" finished-at="2021-07-01T20:51:10Z" duration-ms="2" status="PASS">
          <params>
            <param index="0">
              <value>
                <![CDATA[[TestResult name=InvalidCancelTicket status=FAILURE method=ManageBookingTest.InvalidCancelTicket()[pri:0, instance:tests.ManageBookingTest@6ed3f258] output={null}]]]>
              </value>
            </param>
          </params>
          <reporter-output>
          </reporter-output>
        </test-method> <!-- Logger -->
        <test-method is-config="true" signature="attachScreenShot(org.testng.ITestResult)[pri:0, instance:tests.ManageBookingTest@6ed3f258]" started-at="2021-07-01T20:51:10Z" name="attachScreenShot" finished-at="2021-07-01T20:51:11Z" duration-ms="368" status="PASS">
          <params>
            <param index="0">
              <value>
                <![CDATA[[TestResult name=InvalidCancelTicket status=FAILURE method=ManageBookingTest.InvalidCancelTicket()[pri:0, instance:tests.ManageBookingTest@6ed3f258] output={null}]]]>
              </value>
            </param>
          </params>
          <reporter-output>
          </reporter-output>
        </test-method> <!-- attachScreenShot -->
        <test-method is-config="true" signature="closeBrowser()[pri:0, instance:tests.ManageBookingTest@6ed3f258]" started-at="2021-07-01T20:51:11Z" name="closeBrowser" finished-at="2021-07-01T20:51:11Z" duration-ms="633" status="PASS">
          <reporter-output>
          </reporter-output>
        </test-method> <!-- closeBrowser -->
        <test-method is-config="true" signature="intializeWebdriver()[pri:0, instance:tests.ManageBookingTest@6ed3f258]" started-at="2021-07-01T20:51:11Z" name="intializeWebdriver" finished-at="2021-07-01T20:51:13Z" duration-ms="1519" status="PASS">
          <reporter-output>
          </reporter-output>
        </test-method> <!-- intializeWebdriver -->
        <test-method is-config="true" signature="openBrowser()[pri:0, instance:tests.ManageBookingTest@6ed3f258]" started-at="2021-07-01T20:51:13Z" name="openBrowser" finished-at="2021-07-01T20:51:16Z" duration-ms="2948" status="PASS">
          <reporter-output>
          </reporter-output>
        </test-method> <!-- openBrowser -->
        <test-method signature="InvalidEmailSms()[pri:0, instance:tests.ManageBookingTest@6ed3f258]" started-at="2021-07-01T20:51:16Z" name="InvalidEmailSms" finished-at="2021-07-01T20:51:17Z" duration-ms="1278" status="FAIL">
          <exception class="org.openqa.selenium.ElementClickInterceptedException">
            <message>
              <![CDATA[element click intercepted: Element is not clickable at point (1044, 29)
  (Session info: headless chrome=91.0.4472.124)
Build info: version: '3.141.59', revision: 'e82be7d358', time: '2018-11-14T08:17:03'
System info: host: 'ROHANCHOUDHARY1', ip: '192.168.0.106', os.name: 'Windows 10', os.arch: 'amd64', os.version: '10.0', java.version: '15.0.2'
Driver info: org.openqa.selenium.chrome.ChromeDriver
Capabilities {acceptInsecureCerts: false, browserName: chrome, browserVersion: 91.0.4472.124, chrome: {chromedriverVersion: 91.0.4472.19 (1bf021f248676..., userDataDir: C:\Users\ROHANC~1\AppData\L...}, goog:chromeOptions: {debuggerAddress: localhost:65067}, javascriptEnabled: true, networkConnectionEnabled: false, pageLoadStrategy: normal, platform: WINDOWS, platformName: WINDOWS, proxy: Proxy(), setWindowRect: true, strictFileInteractability: false, timeouts: {implicit: 0, pageLoad: 300000, script: 30000}, unhandledPromptBehavior: dismiss and notify, webauthn:extension:largeBlob: true, webauthn:virtualAuthenticators: true}
Session ID: 0144fc1243bba3a07f5670a37b1cc190]]>
            </message>
            <full-stacktrace>
              <![CDATA[org.openqa.selenium.ElementClickInterceptedException: element click intercepted: Element is not clickable at point (1044, 29)
  (Session info: headless chrome=91.0.4472.124)
Build info: version: '3.141.59', revision: 'e82be7d358', time: '2018-11-14T08:17:03'
System info: host: 'ROHANCHOUDHARY1', ip: '192.168.0.106', os.name: 'Windows 10', os.arch: 'amd64', os.version: '10.0', java.version: '15.0.2'
Driver info: org.openqa.selenium.chrome.ChromeDriver
Capabilities {acceptInsecureCerts: false, browserName: chrome, browserVersion: 91.0.4472.124, chrome: {chromedriverVersion: 91.0.4472.19 (1bf021f248676..., userDataDir: C:\Users\ROHANC~1\AppData\L...}, goog:chromeOptions: {debuggerAddress: localhost:65067}, javascriptEnabled: true, networkConnectionEnabled: false, pageLoadStrategy: normal, platform: WINDOWS, platformName: WINDOWS, proxy: Proxy(), setWindowRect: true, strictFileInteractability: false, timeouts: {implicit: 0, pageLoad: 300000, script: 30000}, unhandledPromptBehavior: dismiss and notify, webauthn:extension:largeBlob: true, webauthn:virtualAuthenticators: true}
Session ID: 0144fc1243bba3a07f5670a37b1cc190
at java.base/jdk.internal.reflect.NativeConstructorAccessorImpl.newInstance0(Native Method)
at java.base/jdk.internal.reflect.NativeConstructorAccessorImpl.newInstance(NativeConstructorAccessorImpl.java:64)
at java.base/jdk.internal.reflect.DelegatingConstructorAccessorImpl.newInstance(DelegatingConstructorAccessorImpl.java:45)
at java.base/java.lang.reflect.Constructor.newInstanceWithCaller(Constructor.java:500)
at java.base/java.lang.reflect.Constructor.newInstance(Constructor.java:481)
at org.openqa.selenium.remote.http.W3CHttpResponseCodec.createException(W3CHttpResponseCodec.java:187)
at org.openqa.selenium.remote.http.W3CHttpResponseCodec.decode(W3CHttpResponseCodec.java:122)
at org.openqa.selenium.remote.http.W3CHttpResponseCodec.decode(W3CHttpResponseCodec.java:49)
at org.openqa.selenium.remote.HttpCommandExecutor.execute(HttpCommandExecutor.java:158)
at org.openqa.selenium.remote.service.DriverCommandExecutor.execute(DriverCommandExecutor.java:83)
at org.openqa.selenium.remote.RemoteWebDriver.execute(RemoteWebDriver.java:552)
at org.openqa.selenium.remote.RemoteWebElement.execute(RemoteWebElement.java:285)
at org.openqa.selenium.remote.RemoteWebElement.click(RemoteWebElement.java:84)
at java.base/jdk.internal.reflect.NativeMethodAccessorImpl.invoke0(Native Method)
at java.base/jdk.internal.reflect.NativeMethodAccessorImpl.invoke(NativeMethodAccessorImpl.java:64)
at java.base/jdk.internal.reflect.DelegatingMethodAccessorImpl.invoke(DelegatingMethodAccessorImpl.java:43)
at java.base/java.lang.reflect.Method.invoke(Method.java:564)
at org.openqa.selenium.support.pagefactory.internal.LocatingElementHandler.invoke(LocatingElementHandler.java:51)
at com.sun.proxy.$Proxy15.click(Unknown Source)
at pages.ManageBookingMenu.emailSms(ManageBookingMenu.java:69)
at tests.ManageBookingTest.InvalidEmailSms(ManageBookingTest.java:36)
at java.base/jdk.internal.reflect.NativeMethodAccessorImpl.invoke0(Native Method)
at java.base/jdk.internal.reflect.NativeMethodAccessorImpl.invoke(NativeMethodAccessorImpl.java:64)
at java.base/jdk.internal.reflect.DelegatingMethodAccessorImpl.invoke(DelegatingMethodAccessorImpl.java:43)
at java.base/java.lang.reflect.Method.invoke(Method.java:564)
at org.testng.internal.MethodInvocationHelper.invokeMethod(MethodInvocationHelper.java:124)
at org.testng.internal.Invoker.invokeMethod(Invoker.java:583)
at org.testng.internal.Invoker.invokeTestMethod(Invoker.java:719)
at org.testng.internal.Invoker.invokeTestMethods(Invoker.java:989)
at org.testng.internal.TestMethodWorker.invokeTestMethods(TestMethodWorker.java:125)
at org.testng.internal.TestMethodWorker.run(TestMethodWorker.java:109)
at org.testng.TestRunner.privateRun(TestRunner.java:648)
at org.testng.TestRunner.run(TestRunner.java:505)
at org.testng.SuiteRunner.runTest(SuiteRunner.java:455)
at org.testng.SuiteRunner.runSequentially(SuiteRunner.java:450)
at org.testng.SuiteRunner.privateRun(SuiteRunner.java:415)
at org.testng.SuiteRunner.run(SuiteRunner.java:364)
at org.testng.SuiteRunnerWorker.runSuite(SuiteRunnerWorker.java:52)
at org.testng.SuiteRunnerWorker.run(SuiteRunnerWorker.java:84)
at org.testng.TestNG.runSuitesSequentially(TestNG.java:1208)
at org.testng.TestNG.runSuitesLocally(TestNG.java:1137)
at org.testng.TestNG.runSuites(TestNG.java:1049)
at org.testng.TestNG.run(TestNG.java:1017)
at org.testng.remote.AbstractRemoteTestNG.run(AbstractRemoteTestNG.java:115)
at org.testng.remote.RemoteTestNG.initAndRun(RemoteTestNG.java:251)
at org.testng.remote.RemoteTestNG.main(RemoteTestNG.java:77)
]]>
            </full-stacktrace>
          </exception> <!-- org.openqa.selenium.ElementClickInterceptedException -->
          <reporter-output>
          </reporter-output>
        </test-method> <!-- InvalidEmailSms -->
        <test-method is-config="true" signature="Logger(org.testng.ITestResult)[pri:0, instance:tests.ManageBookingTest@6ed3f258]" started-at="2021-07-01T20:51:17Z" name="Logger" finished-at="2021-07-01T20:51:17Z" duration-ms="1" status="PASS">
          <params>
            <param index="0">
              <value>
                <![CDATA[[TestResult name=InvalidEmailSms status=FAILURE method=ManageBookingTest.InvalidEmailSms()[pri:0, instance:tests.ManageBookingTest@6ed3f258] output={null}]]]>
              </value>
            </param>
          </params>
          <reporter-output>
          </reporter-output>
        </test-method> <!-- Logger -->
        <test-method is-config="true" signature="attachScreenShot(org.testng.ITestResult)[pri:0, instance:tests.ManageBookingTest@6ed3f258]" started-at="2021-07-01T20:51:17Z" name="attachScreenShot" finished-at="2021-07-01T20:51:17Z" duration-ms="265" status="PASS">
          <params>
            <param index="0">
              <value>
                <![CDATA[[TestResult name=InvalidEmailSms status=FAILURE method=ManageBookingTest.InvalidEmailSms()[pri:0, instance:tests.ManageBookingTest@6ed3f258] output={null}]]]>
              </value>
            </param>
          </params>
          <reporter-output>
          </reporter-output>
        </test-method> <!-- attachScreenShot -->
        <test-method is-config="true" signature="closeBrowser()[pri:0, instance:tests.ManageBookingTest@6ed3f258]" started-at="2021-07-01T20:51:17Z" name="closeBrowser" finished-at="2021-07-01T20:51:18Z" duration-ms="632" status="PASS">
          <reporter-output>
          </reporter-output>
        </test-method> <!-- closeBrowser -->
        <test-method is-config="true" signature="intializeWebdriver()[pri:0, instance:tests.ManageBookingTest@6ed3f258]" started-at="2021-07-01T20:51:18Z" name="intializeWebdriver" finished-at="2021-07-01T20:51:19Z" duration-ms="1267" status="PASS">
          <reporter-output>
          </reporter-output>
        </test-method> <!-- intializeWebdriver -->
        <test-method is-config="true" signature="openBrowser()[pri:0, instance:tests.ManageBookingTest@6ed3f258]" started-at="2021-07-01T20:51:19Z" name="openBrowser" finished-at="2021-07-01T20:51:23Z" duration-ms="3225" status="PASS">
          <reporter-output>
          </reporter-output>
        </test-method> <!-- openBrowser -->
        <test-method signature="InvalidShowMyTicket()[pri:0, instance:tests.ManageBookingTest@6ed3f258]" started-at="2021-07-01T20:51:23Z" name="InvalidShowMyTicket" finished-at="2021-07-01T20:51:24Z" duration-ms="1368" status="FAIL">
          <exception class="org.openqa.selenium.ElementClickInterceptedException">
            <message>
              <![CDATA[element click intercepted: Element is not clickable at point (1044, 29)
  (Session info: headless chrome=91.0.4472.124)
Build info: version: '3.141.59', revision: 'e82be7d358', time: '2018-11-14T08:17:03'
System info: host: 'ROHANCHOUDHARY1', ip: '192.168.0.106', os.name: 'Windows 10', os.arch: 'amd64', os.version: '10.0', java.version: '15.0.2'
Driver info: org.openqa.selenium.chrome.ChromeDriver
Capabilities {acceptInsecureCerts: false, browserName: chrome, browserVersion: 91.0.4472.124, chrome: {chromedriverVersion: 91.0.4472.19 (1bf021f248676..., userDataDir: C:\Users\ROHANC~1\AppData\L...}, goog:chromeOptions: {debuggerAddress: localhost:57244}, javascriptEnabled: true, networkConnectionEnabled: false, pageLoadStrategy: normal, platform: WINDOWS, platformName: WINDOWS, proxy: Proxy(), setWindowRect: true, strictFileInteractability: false, timeouts: {implicit: 0, pageLoad: 300000, script: 30000}, unhandledPromptBehavior: dismiss and notify, webauthn:extension:largeBlob: true, webauthn:virtualAuthenticators: true}
Session ID: e99735a4774bdfcdc3b44cc3704ff725]]>
            </message>
            <full-stacktrace>
              <![CDATA[org.openqa.selenium.ElementClickInterceptedException: element click intercepted: Element is not clickable at point (1044, 29)
  (Session info: headless chrome=91.0.4472.124)
Build info: version: '3.141.59', revision: 'e82be7d358', time: '2018-11-14T08:17:03'
System info: host: 'ROHANCHOUDHARY1', ip: '192.168.0.106', os.name: 'Windows 10', os.arch: 'amd64', os.version: '10.0', java.version: '15.0.2'
Driver info: org.openqa.selenium.chrome.ChromeDriver
Capabilities {acceptInsecureCerts: false, browserName: chrome, browserVersion: 91.0.4472.124, chrome: {chromedriverVersion: 91.0.4472.19 (1bf021f248676..., userDataDir: C:\Users\ROHANC~1\AppData\L...}, goog:chromeOptions: {debuggerAddress: localhost:57244}, javascriptEnabled: true, networkConnectionEnabled: false, pageLoadStrategy: normal, platform: WINDOWS, platformName: WINDOWS, proxy: Proxy(), setWindowRect: true, strictFileInteractability: false, timeouts: {implicit: 0, pageLoad: 300000, script: 30000}, unhandledPromptBehavior: dismiss and notify, webauthn:extension:largeBlob: true, webauthn:virtualAuthenticators: true}
Session ID: e99735a4774bdfcdc3b44cc3704ff725
at java.base/jdk.internal.reflect.NativeConstructorAccessorImpl.newInstance0(Native Method)
at java.base/jdk.internal.reflect.NativeConstructorAccessorImpl.newInstance(NativeConstructorAccessorImpl.java:64)
at java.base/jdk.internal.reflect.DelegatingConstructorAccessorImpl.newInstance(DelegatingConstructorAccessorImpl.java:45)
at java.base/java.lang.reflect.Constructor.newInstanceWithCaller(Constructor.java:500)
at java.base/java.lang.reflect.Constructor.newInstance(Constructor.java:481)
at org.openqa.selenium.remote.http.W3CHttpResponseCodec.createException(W3CHttpResponseCodec.java:187)
at org.openqa.selenium.remote.http.W3CHttpResponseCodec.decode(W3CHttpResponseCodec.java:122)
at org.openqa.selenium.remote.http.W3CHttpResponseCodec.decode(W3CHttpResponseCodec.java:49)
at org.openqa.selenium.remote.HttpCommandExecutor.execute(HttpCommandExecutor.java:158)
at org.openqa.selenium.remote.service.DriverCommandExecutor.execute(DriverCommandExecutor.java:83)
at org.openqa.selenium.remote.RemoteWebDriver.execute(RemoteWebDriver.java:552)
at org.openqa.selenium.remote.RemoteWebElement.execute(RemoteWebElement.java:285)
at org.openqa.selenium.remote.RemoteWebElement.click(RemoteWebElement.java:84)
at java.base/jdk.internal.reflect.NativeMethodAccessorImpl.invoke0(Native Method)
at java.base/jdk.internal.reflect.NativeMethodAccessorImpl.invoke(NativeMethodAccessorImpl.java:64)
at java.base/jdk.internal.reflect.DelegatingMethodAccessorImpl.invoke(DelegatingMethodAccessorImpl.java:43)
at java.base/java.lang.reflect.Method.invoke(Method.java:564)
at org.openqa.selenium.support.pagefactory.internal.LocatingElementHandler.invoke(LocatingElementHandler.java:51)
at com.sun.proxy.$Proxy15.click(Unknown Source)
at pages.ManageBookingMenu.showMyTicket(ManageBookingMenu.java:57)
at tests.ManageBookingTest.InvalidShowMyTicket(ManageBookingTest.java:27)
at java.base/jdk.internal.reflect.NativeMethodAccessorImpl.invoke0(Native Method)
at java.base/jdk.internal.reflect.NativeMethodAccessorImpl.invoke(NativeMethodAccessorImpl.java:64)
at java.base/jdk.internal.reflect.DelegatingMethodAccessorImpl.invoke(DelegatingMethodAccessorImpl.java:43)
at java.base/java.lang.reflect.Method.invoke(Method.java:564)
at org.testng.internal.MethodInvocationHelper.invokeMethod(MethodInvocationHelper.java:124)
at org.testng.internal.Invoker.invokeMethod(Invoker.java:583)
at org.testng.internal.Invoker.invokeTestMethod(Invoker.java:719)
at org.testng.internal.Invoker.invokeTestMethods(Invoker.java:989)
at org.testng.internal.TestMethodWorker.invokeTestMethods(TestMethodWorker.java:125)
at org.testng.internal.TestMethodWorker.run(TestMethodWorker.java:109)
at org.testng.TestRunner.privateRun(TestRunner.java:648)
at org.testng.TestRunner.run(TestRunner.java:505)
at org.testng.SuiteRunner.runTest(SuiteRunner.java:455)
at org.testng.SuiteRunner.runSequentially(SuiteRunner.java:450)
at org.testng.SuiteRunner.privateRun(SuiteRunner.java:415)
at org.testng.SuiteRunner.run(SuiteRunner.java:364)
at org.testng.SuiteRunnerWorker.runSuite(SuiteRunnerWorker.java:52)
at org.testng.SuiteRunnerWorker.run(SuiteRunnerWorker.java:84)
at org.testng.TestNG.runSuitesSequentially(TestNG.java:1208)
at org.testng.TestNG.runSuitesLocally(TestNG.java:1137)
at org.testng.TestNG.runSuites(TestNG.java:1049)
at org.testng.TestNG.run(TestNG.java:1017)
at org.testng.remote.AbstractRemoteTestNG.run(AbstractRemoteTestNG.java:115)
at org.testng.remote.RemoteTestNG.initAndRun(RemoteTestNG.java:251)
at org.testng.remote.RemoteTestNG.main(RemoteTestNG.java:77)
]]>
            </full-stacktrace>
          </exception> <!-- org.openqa.selenium.ElementClickInterceptedException -->
          <reporter-output>
          </reporter-output>
        </test-method> <!-- InvalidShowMyTicket -->
        <test-method is-config="true" signature="Logger(org.testng.ITestResult)[pri:0, instance:tests.ManageBookingTest@6ed3f258]" started-at="2021-07-01T20:51:24Z" name="Logger" finished-at="2021-07-01T20:51:24Z" duration-ms="1" status="PASS">
          <params>
            <param index="0">
              <value>
                <![CDATA[[TestResult name=InvalidShowMyTicket status=FAILURE method=ManageBookingTest.InvalidShowMyTicket()[pri:0, instance:tests.ManageBookingTest@6ed3f258] output={null}]]]>
              </value>
            </param>
          </params>
          <reporter-output>
          </reporter-output>
        </test-method> <!-- Logger -->
        <test-method is-config="true" signature="attachScreenShot(org.testng.ITestResult)[pri:0, instance:tests.ManageBookingTest@6ed3f258]" started-at="2021-07-01T20:51:24Z" name="attachScreenShot" finished-at="2021-07-01T20:51:24Z" duration-ms="515" status="PASS">
          <params>
            <param index="0">
              <value>
                <![CDATA[[TestResult name=InvalidShowMyTicket status=FAILURE method=ManageBookingTest.InvalidShowMyTicket()[pri:0, instance:tests.ManageBookingTest@6ed3f258] output={null}]]]>
              </value>
            </param>
          </params>
          <reporter-output>
          </reporter-output>
        </test-method> <!-- attachScreenShot -->
        <test-method is-config="true" signature="closeBrowser()[pri:0, instance:tests.ManageBookingTest@6ed3f258]" started-at="2021-07-01T20:51:24Z" name="closeBrowser" finished-at="2021-07-01T20:51:25Z" duration-ms="645" status="PASS">
          <reporter-output>
          </reporter-output>
        </test-method> <!-- closeBrowser -->
        <test-method is-config="true" signature="intializeWebdriver()[pri:0, instance:tests.ManageBookingTest@6ed3f258]" started-at="2021-07-01T20:51:25Z" name="intializeWebdriver" finished-at="2021-07-01T20:51:26Z" duration-ms="1297" status="PASS">
          <reporter-output>
          </reporter-output>
        </test-method> <!-- intializeWebdriver -->
        <test-method is-config="true" signature="openBrowser()[pri:0, instance:tests.ManageBookingTest@6ed3f258]" started-at="2021-07-01T20:51:26Z" name="openBrowser" finished-at="2021-07-01T20:51:29Z" duration-ms="3007" status="PASS">
          <reporter-output>
          </reporter-output>
        </test-method> <!-- openBrowser -->
        <test-method signature="InvalidchangeTravelDate()[pri:0, instance:tests.ManageBookingTest@6ed3f258]" started-at="2021-07-01T20:51:29Z" name="InvalidchangeTravelDate" finished-at="2021-07-01T20:51:31Z" duration-ms="1324" status="FAIL">
          <exception class="org.openqa.selenium.ElementClickInterceptedException">
            <message>
              <![CDATA[element click intercepted: Element is not clickable at point (1044, 29)
  (Session info: headless chrome=91.0.4472.124)
Build info: version: '3.141.59', revision: 'e82be7d358', time: '2018-11-14T08:17:03'
System info: host: 'ROHANCHOUDHARY1', ip: '192.168.0.106', os.name: 'Windows 10', os.arch: 'amd64', os.version: '10.0', java.version: '15.0.2'
Driver info: org.openqa.selenium.chrome.ChromeDriver
Capabilities {acceptInsecureCerts: false, browserName: chrome, browserVersion: 91.0.4472.124, chrome: {chromedriverVersion: 91.0.4472.19 (1bf021f248676..., userDataDir: C:\Users\ROHANC~1\AppData\L...}, goog:chromeOptions: {debuggerAddress: localhost:55227}, javascriptEnabled: true, networkConnectionEnabled: false, pageLoadStrategy: normal, platform: WINDOWS, platformName: WINDOWS, proxy: Proxy(), setWindowRect: true, strictFileInteractability: false, timeouts: {implicit: 0, pageLoad: 300000, script: 30000}, unhandledPromptBehavior: dismiss and notify, webauthn:extension:largeBlob: true, webauthn:virtualAuthenticators: true}
Session ID: 22c2fc8439a716eabdfe5d760f3076e7]]>
            </message>
            <full-stacktrace>
              <![CDATA[org.openqa.selenium.ElementClickInterceptedException: element click intercepted: Element is not clickable at point (1044, 29)
  (Session info: headless chrome=91.0.4472.124)
Build info: version: '3.141.59', revision: 'e82be7d358', time: '2018-11-14T08:17:03'
System info: host: 'ROHANCHOUDHARY1', ip: '192.168.0.106', os.name: 'Windows 10', os.arch: 'amd64', os.version: '10.0', java.version: '15.0.2'
Driver info: org.openqa.selenium.chrome.ChromeDriver
Capabilities {acceptInsecureCerts: false, browserName: chrome, browserVersion: 91.0.4472.124, chrome: {chromedriverVersion: 91.0.4472.19 (1bf021f248676..., userDataDir: C:\Users\ROHANC~1\AppData\L...}, goog:chromeOptions: {debuggerAddress: localhost:55227}, javascriptEnabled: true, networkConnectionEnabled: false, pageLoadStrategy: normal, platform: WINDOWS, platformName: WINDOWS, proxy: Proxy(), setWindowRect: true, strictFileInteractability: false, timeouts: {implicit: 0, pageLoad: 300000, script: 30000}, unhandledPromptBehavior: dismiss and notify, webauthn:extension:largeBlob: true, webauthn:virtualAuthenticators: true}
Session ID: 22c2fc8439a716eabdfe5d760f3076e7
at java.base/jdk.internal.reflect.NativeConstructorAccessorImpl.newInstance0(Native Method)
at java.base/jdk.internal.reflect.NativeConstructorAccessorImpl.newInstance(NativeConstructorAccessorImpl.java:64)
at java.base/jdk.internal.reflect.DelegatingConstructorAccessorImpl.newInstance(DelegatingConstructorAccessorImpl.java:45)
at java.base/java.lang.reflect.Constructor.newInstanceWithCaller(Constructor.java:500)
at java.base/java.lang.reflect.Constructor.newInstance(Constructor.java:481)
at org.openqa.selenium.remote.http.W3CHttpResponseCodec.createException(W3CHttpResponseCodec.java:187)
at org.openqa.selenium.remote.http.W3CHttpResponseCodec.decode(W3CHttpResponseCodec.java:122)
at org.openqa.selenium.remote.http.W3CHttpResponseCodec.decode(W3CHttpResponseCodec.java:49)
at org.openqa.selenium.remote.HttpCommandExecutor.execute(HttpCommandExecutor.java:158)
at org.openqa.selenium.remote.service.DriverCommandExecutor.execute(DriverCommandExecutor.java:83)
at org.openqa.selenium.remote.RemoteWebDriver.execute(RemoteWebDriver.java:552)
at org.openqa.selenium.remote.RemoteWebElement.execute(RemoteWebElement.java:285)
at org.openqa.selenium.remote.RemoteWebElement.click(RemoteWebElement.java:84)
at java.base/jdk.internal.reflect.NativeMethodAccessorImpl.invoke0(Native Method)
at java.base/jdk.internal.reflect.NativeMethodAccessorImpl.invoke(NativeMethodAccessorImpl.java:64)
at java.base/jdk.internal.reflect.DelegatingMethodAccessorImpl.invoke(DelegatingMethodAccessorImpl.java:43)
at java.base/java.lang.reflect.Method.invoke(Method.java:564)
at org.openqa.selenium.support.pagefactory.internal.LocatingElementHandler.invoke(LocatingElementHandler.java:51)
at com.sun.proxy.$Proxy15.click(Unknown Source)
at pages.ManageBookingMenu.changeTravelDate(ManageBookingMenu.java:35)
at tests.ManageBookingTest.InvalidchangeTravelDate(ManageBookingTest.java:17)
at java.base/jdk.internal.reflect.NativeMethodAccessorImpl.invoke0(Native Method)
at java.base/jdk.internal.reflect.NativeMethodAccessorImpl.invoke(NativeMethodAccessorImpl.java:64)
at java.base/jdk.internal.reflect.DelegatingMethodAccessorImpl.invoke(DelegatingMethodAccessorImpl.java:43)
at java.base/java.lang.reflect.Method.invoke(Method.java:564)
at org.testng.internal.MethodInvocationHelper.invokeMethod(MethodInvocationHelper.java:124)
at org.testng.internal.Invoker.invokeMethod(Invoker.java:583)
at org.testng.internal.Invoker.invokeTestMethod(Invoker.java:719)
at org.testng.internal.Invoker.invokeTestMethods(Invoker.java:989)
at org.testng.internal.TestMethodWorker.invokeTestMethods(TestMethodWorker.java:125)
at org.testng.internal.TestMethodWorker.run(TestMethodWorker.java:109)
at org.testng.TestRunner.privateRun(TestRunner.java:648)
at org.testng.TestRunner.run(TestRunner.java:505)
at org.testng.SuiteRunner.runTest(SuiteRunner.java:455)
at org.testng.SuiteRunner.runSequentially(SuiteRunner.java:450)
at org.testng.SuiteRunner.privateRun(SuiteRunner.java:415)
at org.testng.SuiteRunner.run(SuiteRunner.java:364)
at org.testng.SuiteRunnerWorker.runSuite(SuiteRunnerWorker.java:52)
at org.testng.SuiteRunnerWorker.run(SuiteRunnerWorker.java:84)
at org.testng.TestNG.runSuitesSequentially(TestNG.java:1208)
at org.testng.TestNG.runSuitesLocally(TestNG.java:1137)
at org.testng.TestNG.runSuites(TestNG.java:1049)
at org.testng.TestNG.run(TestNG.java:1017)
at org.testng.remote.AbstractRemoteTestNG.run(AbstractRemoteTestNG.java:115)
at org.testng.remote.RemoteTestNG.initAndRun(RemoteTestNG.java:251)
at org.testng.remote.RemoteTestNG.main(RemoteTestNG.java:77)
]]>
            </full-stacktrace>
          </exception> <!-- org.openqa.selenium.ElementClickInterceptedException -->
          <reporter-output>
          </reporter-output>
        </test-method> <!-- InvalidchangeTravelDate -->
        <test-method is-config="true" signature="Logger(org.testng.ITestResult)[pri:0, instance:tests.ManageBookingTest@6ed3f258]" started-at="2021-07-01T20:51:31Z" name="Logger" finished-at="2021-07-01T20:51:31Z" duration-ms="1" status="PASS">
          <params>
            <param index="0">
              <value>
                <![CDATA[[TestResult name=InvalidchangeTravelDate status=FAILURE method=ManageBookingTest.InvalidchangeTravelDate()[pri:0, instance:tests.ManageBookingTest@6ed3f258] output={null}]]]>
              </value>
            </param>
          </params>
          <reporter-output>
          </reporter-output>
        </test-method> <!-- Logger -->
        <test-method is-config="true" signature="attachScreenShot(org.testng.ITestResult)[pri:0, instance:tests.ManageBookingTest@6ed3f258]" started-at="2021-07-01T20:51:31Z" name="attachScreenShot" finished-at="2021-07-01T20:51:31Z" duration-ms="336" status="PASS">
          <params>
            <param index="0">
              <value>
                <![CDATA[[TestResult name=InvalidchangeTravelDate status=FAILURE method=ManageBookingTest.InvalidchangeTravelDate()[pri:0, instance:tests.ManageBookingTest@6ed3f258] output={null}]]]>
              </value>
            </param>
          </params>
          <reporter-output>
          </reporter-output>
        </test-method> <!-- attachScreenShot -->
        <test-method is-config="true" signature="closeBrowser()[pri:0, instance:tests.ManageBookingTest@6ed3f258]" started-at="2021-07-01T20:51:31Z" name="closeBrowser" finished-at="2021-07-01T20:51:32Z" duration-ms="656" status="PASS">
          <reporter-output>
          </reporter-output>
        </test-method> <!-- closeBrowser -->
      </class> <!-- tests.ManageBookingTest -->
      <class name="tests.GlobalSitesTest">
        <test-method is-config="true" signature="setExtent()[pri:0, instance:tests.GlobalSitesTest@19b93fa8]" started-at="2021-07-01T20:50:12Z" name="setExtent" finished-at="2021-07-01T20:50:12Z" duration-ms="294" status="PASS">
          <reporter-output>
          </reporter-output>
        </test-method> <!-- setExtent -->
        <test-method is-config="true" signature="endReport()[pri:0, instance:tests.GlobalSitesTest@19b93fa8]" started-at="2021-07-01T20:52:40Z" name="endReport" finished-at="2021-07-01T20:52:41Z" duration-ms="525" status="PASS">
          <reporter-output>
          </reporter-output>
        </test-method> <!-- endReport -->
      </class> <!-- tests.GlobalSitesTest -->
      <class name="tests.SocialMediaTest">
        <test-method is-config="true" signature="intializeWebdriver()[pri:0, instance:tests.SocialMediaTest@30af5b6b]" started-at="2021-07-01T20:52:22Z" name="intializeWebdriver" finished-at="2021-07-01T20:52:23Z" duration-ms="1427" status="PASS">
          <reporter-output>
          </reporter-output>
        </test-method> <!-- intializeWebdriver -->
        <test-method is-config="true" signature="openBrowser()[pri:0, instance:tests.SocialMediaTest@30af5b6b]" started-at="2021-07-01T20:52:23Z" name="openBrowser" finished-at="2021-07-01T20:52:27Z" duration-ms="3178" status="PASS">
          <reporter-output>
          </reporter-output>
        </test-method> <!-- openBrowser -->
        <test-method signature="fbCheck()[pri:0, instance:tests.SocialMediaTest@30af5b6b]" started-at="2021-07-01T20:52:27Z" name="fbCheck" finished-at="2021-07-01T20:52:32Z" duration-ms="4907" status="PASS">
          <reporter-output>
          </reporter-output>
        </test-method> <!-- fbCheck -->
        <test-method is-config="true" signature="Logger(org.testng.ITestResult)[pri:0, instance:tests.SocialMediaTest@30af5b6b]" started-at="2021-07-01T20:52:32Z" name="Logger" finished-at="2021-07-01T20:52:32Z" duration-ms="1" status="PASS">
          <params>
            <param index="0">
              <value>
                <![CDATA[[TestResult name=fbCheck status=SUCCESS method=SocialMediaTest.fbCheck()[pri:0, instance:tests.SocialMediaTest@30af5b6b] output={null}]]]>
              </value>
            </param>
          </params>
          <reporter-output>
          </reporter-output>
        </test-method> <!-- Logger -->
        <test-method is-config="true" signature="attachScreenShot(org.testng.ITestResult)[pri:0, instance:tests.SocialMediaTest@30af5b6b]" started-at="2021-07-01T20:52:32Z" name="attachScreenShot" finished-at="2021-07-01T20:52:32Z" duration-ms="0" status="PASS">
          <params>
            <param index="0">
              <value>
                <![CDATA[[TestResult name=fbCheck status=SUCCESS method=SocialMediaTest.fbCheck()[pri:0, instance:tests.SocialMediaTest@30af5b6b] output={null}]]]>
              </value>
            </param>
          </params>
          <reporter-output>
          </reporter-output>
        </test-method> <!-- attachScreenShot -->
        <test-method is-config="true" signature="closeBrowser()[pri:0, instance:tests.SocialMediaTest@30af5b6b]" started-at="2021-07-01T20:52:32Z" name="closeBrowser" finished-at="2021-07-01T20:52:32Z" duration-ms="753" status="PASS">
          <reporter-output>
          </reporter-output>
        </test-method> <!-- closeBrowser -->
        <test-method is-config="true" signature="intializeWebdriver()[pri:0, instance:tests.SocialMediaTest@30af5b6b]" started-at="2021-07-01T20:52:32Z" name="intializeWebdriver" finished-at="2021-07-01T20:52:34Z" duration-ms="1432" status="PASS">
          <reporter-output>
          </reporter-output>
        </test-method> <!-- intializeWebdriver -->
        <test-method is-config="true" signature="openBrowser()[pri:0, instance:tests.SocialMediaTest@30af5b6b]" started-at="2021-07-01T20:52:34Z" name="openBrowser" finished-at="2021-07-01T20:52:37Z" duration-ms="3222" status="PASS">
          <reporter-output>
          </reporter-output>
        </test-method> <!-- openBrowser -->
        <test-method signature="twitterCheck()[pri:0, instance:tests.SocialMediaTest@30af5b6b]" started-at="2021-07-01T20:52:37Z" name="twitterCheck" finished-at="2021-07-01T20:52:39Z" duration-ms="2375" status="PASS">
          <reporter-output>
          </reporter-output>
        </test-method> <!-- twitterCheck -->
        <test-method is-config="true" signature="Logger(org.testng.ITestResult)[pri:0, instance:tests.SocialMediaTest@30af5b6b]" started-at="2021-07-01T20:52:39Z" name="Logger" finished-at="2021-07-01T20:52:39Z" duration-ms="1" status="PASS">
          <params>
            <param index="0">
              <value>
                <![CDATA[[TestResult name=twitterCheck status=SUCCESS method=SocialMediaTest.twitterCheck()[pri:0, instance:tests.SocialMediaTest@30af5b6b] output={null}]]]>
              </value>
            </param>
          </params>
          <reporter-output>
          </reporter-output>
        </test-method> <!-- Logger -->
        <test-method is-config="true" signature="closeBrowser()[pri:0, instance:tests.SocialMediaTest@30af5b6b]" started-at="2021-07-01T20:52:39Z" name="closeBrowser" finished-at="2021-07-01T20:52:40Z" duration-ms="974" status="PASS">
          <reporter-output>
          </reporter-output>
        </test-method> <!-- closeBrowser -->
        <test-method is-config="true" signature="attachScreenShot(org.testng.ITestResult)[pri:0, instance:tests.SocialMediaTest@30af5b6b]" started-at="2021-07-01T20:52:39Z" name="attachScreenShot" finished-at="2021-07-01T20:52:39Z" duration-ms="0" status="PASS">
          <params>
            <param index="0">
              <value>
                <![CDATA[[TestResult name=twitterCheck status=SUCCESS method=SocialMediaTest.twitterCheck()[pri:0, instance:tests.SocialMediaTest@30af5b6b] output={null}]]]>
              </value>
            </param>
          </params>
          <reporter-output>
          </reporter-output>
        </test-method> <!-- attachScreenShot -->
      </class> <!-- tests.SocialMediaTest -->
    </test> <!-- Test -->
  </suite> <!-- Suite -->
</testng-results>
